This is pdfTeX, Version 3.14159265-2.6-1.40.20 (TeX Live 2019) (preloaded format=latex 2019.5.8)  24 APR 2020 15:28
entering extended mode
 restricted \write18 enabled.
 %&-line parsing enabled.
**quyre3901.tex
(./quyre3901.tex
LaTeX2e <2018-12-01>
(/usr/local/texlive/2019/texmf-dist/tex/latex/revtex4/revtex4.cls
Document Class: revtex4 2001/08/02 v4.0 (http://publish.aps.org/revtex4/ for do
cumentation)
 Copyright (c) 2001 The American Physical Society.
 mailto:revtex@aps.org
 Licensed under the LPPL:
http://www.ctan.org/tex-archive/macros/latex/base/lppl.txt
 Arthur Ogawa <ogawa@teleport.com>
 Based on work by David Carlisle <david@dcarlisle.demon.co.uk>.
ltxutil: portions licensed from W. E. Baxter (web@superscript.com)
Class revtex4 Info: Repairing broken LateX \@sect on input line 596.
\intertabularlinepenalty=\count80
\@tbpen=\count81
\@arstrutbox@hline=\box27
Class revtex4 Info: Repairing broken LaTeX \@xbitor on input line 1610.
ltxgrid: portions licensed from W. E. Baxter (web@superscript.com)
\c@linecount=\count82
\output=\toks14
\@protection@box=\box28
\@topmark@saved=\toks15
\footins@saved=\box29
\pagesofar=\box30
\footbox=\box31
\pagegrid@col=\count83
Class revtex4 Info: Incorporating package {textcase}  [1998/11/12 v0.06 Text on
ly upper/lower case changing (DPC)]. on input line 3682.
(/usr/local/texlive/2019/texmf-dist/tex/latex/url/url.sty
\Urlmuskip=\muskip10
Package: url 2013/09/16  ver 3.4  Verb mode for urls, etc.
)
\c@affil=\count84
\absbox=\box32
\c@part=\count85
\c@section=\count86
\c@subsection=\count87
\c@subsubsection=\count88
\c@paragraph=\count89
\c@subparagraph=\count90
\abovecaptionskip=\skip41
\belowcaptionskip=\skip42
\c@figure=\count91
\c@table=\count92

(/usr/local/texlive/2019/texmf-dist/tex/latex/natbib/natbib.sty
Package: natbib 2010/09/13 8.31b (PWD, AO)
\bibhang=\skip43
\bibsep=\skip44
LaTeX Info: Redefining \cite on input line 694.
\c@NAT@ctr=\count93
)
\widetext@top=\box33
\widetext@bot=\box34

(/usr/local/texlive/2019/texmf-dist/tex/latex/revtex4/revsymb.sty
Package: revsymb 2001/08/02 v4.0 (http://publish.aps.org/revtex4/ for documenta
tion)
LaTeX Info: Redefining \REV@mathfrak on input line 118.
))
(/usr/local/texlive/2019/texmf-dist/tex/latex/revtex4/aps.rtx
File: aps.rtx 2001/08/02 v4.0 (http://publish.aps.org/revtex4/ for documentatio
n)
)
(/usr/local/texlive/2019/texmf-dist/tex/latex/revtex4/10pt.rtx
File: 10pt.rtx 2001/08/02 v4.0 (http://publish.aps.org/revtex4/ for documentati
on)
)
(/usr/local/texlive/2019/texmf-dist/tex/latex/graphics/graphicx.sty
Package: graphicx 2017/06/01 v1.1a Enhanced LaTeX Graphics (DPC,SPQR)

(/usr/local/texlive/2019/texmf-dist/tex/latex/graphics/keyval.sty
Package: keyval 2014/10/28 v1.15 key=value parser (DPC)
\KV@toks@=\toks16
)
(/usr/local/texlive/2019/texmf-dist/tex/latex/graphics/graphics.sty
Package: graphics 2017/06/25 v1.2c Standard LaTeX Graphics (DPC,SPQR)

(/usr/local/texlive/2019/texmf-dist/tex/latex/graphics/trig.sty
Package: trig 2016/01/03 v1.10 sin cos tan (DPC)
)
(/usr/local/texlive/2019/texmf-dist/tex/latex/graphics-cfg/graphics.cfg
File: graphics.cfg 2016/06/04 v1.11 sample graphics configuration
)
Package graphics Info: Driver file: pdftex.def on input line 99.

(/usr/local/texlive/2019/texmf-dist/tex/latex/graphics-def/pdftex.def
File: pdftex.def 2018/01/08 v1.0l Graphics/color driver for pdftex
))
\Gin@req@height=\dimen102
\Gin@req@width=\dimen103
)
(/usr/local/texlive/2019/texmf-dist/tex/latex/graphics/epsfig.sty
Package: epsfig 2017/06/25 v1.7b (e)psfig emulation (SPQR)
\epsfxsize=\dimen104
\epsfysize=\dimen105
)
No file quyre3901.aux.
\openout1 = `quyre3901.aux'.

LaTeX Font Info:    Checking defaults for OML/cmm/m/it on input line 5.
LaTeX Font Info:    ... okay on input line 5.
LaTeX Font Info:    Checking defaults for T1/cmr/m/n on input line 5.
LaTeX Font Info:    ... okay on input line 5.
LaTeX Font Info:    Checking defaults for OT1/cmr/m/n on input line 5.
LaTeX Font Info:    ... okay on input line 5.
LaTeX Font Info:    Checking defaults for OMS/cmsy/m/n on input line 5.
LaTeX Font Info:    ... okay on input line 5.
LaTeX Font Info:    Checking defaults for OMX/cmex/m/n on input line 5.
LaTeX Font Info:    ... okay on input line 5.
LaTeX Font Info:    Checking defaults for U/cmr/m/n on input line 5.
LaTeX Font Info:    ... okay on input line 5.
Class revtex4 Info: Patching LaTeX tabular. on input line 5.
Class revtex4 Info: cite was not loaded (OK!) on input line 5.
Class revtex4 Info: multicol was not loaded (OK!) on input line 5.
(/usr/local/texlive/2019/texmf-dist/tex/context/base/mkii/supp-pdf.mkii
[Loading MPS to PDF converter (version 2006.09.02).]
\scratchcounter=\count94
\scratchdimen=\dimen106
\scratchbox=\box35
\nofMPsegments=\count95
\nofMParguments=\count96
\everyMPshowfont=\toks17
\MPscratchCnt=\count97
\MPscratchDim=\dimen107
\MPnumerator=\count98
\makeMPintoPDFobject=\count99
\everyMPtoPDFconversion=\toks18
) (/usr/local/texlive/2019/texmf-dist/tex/latex/oberdiek/epstopdf-base.sty
Package: epstopdf-base 2016/05/15 v2.6 Base part for package epstopdf

(/usr/local/texlive/2019/texmf-dist/tex/generic/oberdiek/infwarerr.sty
Package: infwarerr 2016/05/16 v1.4 Providing info/warning/error messages (HO)
)
(/usr/local/texlive/2019/texmf-dist/tex/latex/oberdiek/grfext.sty
Package: grfext 2016/05/16 v1.2 Manage graphics extensions (HO)

(/usr/local/texlive/2019/texmf-dist/tex/generic/oberdiek/kvdefinekeys.sty
Package: kvdefinekeys 2016/05/16 v1.4 Define keys (HO)

(/usr/local/texlive/2019/texmf-dist/tex/generic/oberdiek/ltxcmds.sty
Package: ltxcmds 2016/05/16 v1.23 LaTeX kernel commands for general use (HO)
)))
(/usr/local/texlive/2019/texmf-dist/tex/latex/oberdiek/kvoptions.sty
Package: kvoptions 2016/05/16 v3.12 Key value format for package options (HO)

(/usr/local/texlive/2019/texmf-dist/tex/generic/oberdiek/kvsetkeys.sty
Package: kvsetkeys 2016/05/16 v1.17 Key value parser (HO)

(/usr/local/texlive/2019/texmf-dist/tex/generic/oberdiek/etexcmds.sty
Package: etexcmds 2016/05/16 v1.6 Avoid name clashes with e-TeX commands (HO)

(/usr/local/texlive/2019/texmf-dist/tex/generic/oberdiek/ifluatex.sty
Package: ifluatex 2016/05/16 v1.4 Provides the ifluatex switch (HO)
Package ifluatex Info: LuaTeX not detected.
))))
(/usr/local/texlive/2019/texmf-dist/tex/generic/oberdiek/pdftexcmds.sty
Package: pdftexcmds 2018/09/10 v0.29 Utility functions of pdfTeX for LuaTeX (HO
)

(/usr/local/texlive/2019/texmf-dist/tex/generic/oberdiek/ifpdf.sty
Package: ifpdf 2018/09/07 v3.3 Provides the ifpdf switch
)
Package pdftexcmds Info: LuaTeX not detected.
Package pdftexcmds Info: \pdf@primitive is available.
Package pdftexcmds Info: \pdf@ifprimitive is available.
Package pdftexcmds Info: \pdfdraftmode found.
)
Package epstopdf-base Info: Redefining graphics rule for `.eps' on input line 4
38.
Package grfext Info: Graphics extension search list:
(grfext)             [.pdf,.png,.jpg,.mps,.jpeg,.jbig2,.jb2,.PDF,.PNG,.JPG,.JPE
G,.JBIG2,.JB2,.eps]
(grfext)             \AppendGraphicsExtensions on input line 456.

(/usr/local/texlive/2019/texmf-dist/tex/latex/latexconfig/epstopdf-sys.cfg
File: epstopdf-sys.cfg 2010/07/13 v1.3 Configuration of (r)epstopdf for TeX Liv
e
))
<1/10_CJ15nlo_L2_q100_Sf_1.pdf, id=1, 777.90625pt x 491.8375pt>
File: 1/10_CJ15nlo_L2_q100_Sf_1.pdf Graphic file (type pdf)
<use 1/10_CJ15nlo_L2_q100_Sf_1.pdf>
Package pdftex.def Info: 1/10_CJ15nlo_L2_q100_Sf_1.pdf  used on input line 12.
(pdftex.def)             Requested size: 467.6732pt x 295.69014pt.
<1/10_CJ15nlo_L2_q2_Sf_1.pdf, id=2, 777.90625pt x 485.815pt>
File: 1/10_CJ15nlo_L2_q2_Sf_1.pdf Graphic file (type pdf)
<use 1/10_CJ15nlo_L2_q2_Sf_1.pdf>
Package pdftex.def Info: 1/10_CJ15nlo_L2_q2_Sf_1.pdf  used on input line 16.
(pdftex.def)             Requested size: 473.45383pt x 295.67955pt.

[1{/usr/local/texlive/2019/texmf-var/fonts/map/pdftex/updmap/pdftex.map}]
<1/11_CJ15nlo_L2_q100_Sf_1.pdf, id=12, 777.90625pt x 491.8375pt>
File: 1/11_CJ15nlo_L2_q100_Sf_1.pdf Graphic file (type pdf)
<use 1/11_CJ15nlo_L2_q100_Sf_1.pdf>
Package pdftex.def Info: 1/11_CJ15nlo_L2_q100_Sf_1.pdf  used on input line 21.
(pdftex.def)             Requested size: 467.6732pt x 295.69014pt.
<1/11_CJ15nlo_L2_q2_Sf_1.pdf, id=13, 777.90625pt x 491.8375pt>
File: 1/11_CJ15nlo_L2_q2_Sf_1.pdf Graphic file (type pdf)
<use 1/11_CJ15nlo_L2_q2_Sf_1.pdf>
Package pdftex.def Info: 1/11_CJ15nlo_L2_q2_Sf_1.pdf  used on input line 25.
(pdftex.def)             Requested size: 467.6732pt x 295.69014pt.

[2 <./1/10_CJ15nlo_L2_q100_Sf_1.pdf> <./1/10_CJ15nlo_L2_q2_Sf_1.pdf

pdfTeX warning: latex (file ./1/10_CJ15nlo_L2_q2_Sf_1.pdf): PDF inclusion: mult
iple pdfs with page group included in a single page
>]
<1/12_CJ15nlo_L2_q100_Sf_1.pdf, id=203, 777.90625pt x 491.8375pt>
File: 1/12_CJ15nlo_L2_q100_Sf_1.pdf Graphic file (type pdf)
<use 1/12_CJ15nlo_L2_q100_Sf_1.pdf>
Package pdftex.def Info: 1/12_CJ15nlo_L2_q100_Sf_1.pdf  used on input line 30.
(pdftex.def)             Requested size: 467.6732pt x 295.69014pt.
<1/12_CJ15nlo_L2_q2_Sf_1.pdf, id=204, 777.90625pt x 491.8375pt>
File: 1/12_CJ15nlo_L2_q2_Sf_1.pdf Graphic file (type pdf)
<use 1/12_CJ15nlo_L2_q2_Sf_1.pdf>
Package pdftex.def Info: 1/12_CJ15nlo_L2_q2_Sf_1.pdf  used on input line 34.
(pdftex.def)             Requested size: 467.6732pt x 295.69014pt.
 [3 <./1/11_CJ15nlo_L2_q100_Sf_1.pdf> <./1/11_CJ15nlo_L2_q2_Sf_1.pdf

pdfTeX warning: latex (file ./1/11_CJ15nlo_L2_q2_Sf_1.pdf): PDF inclusion: mult
iple pdfs with page group included in a single page
>]
<1/13_CJ15nlo_L2_q100_Sf_1.pdf, id=394, 777.90625pt x 491.8375pt>
File: 1/13_CJ15nlo_L2_q100_Sf_1.pdf Graphic file (type pdf)
<use 1/13_CJ15nlo_L2_q100_Sf_1.pdf>
Package pdftex.def Info: 1/13_CJ15nlo_L2_q100_Sf_1.pdf  used on input line 39.
(pdftex.def)             Requested size: 467.6732pt x 295.69014pt.
<1/13_CJ15nlo_L2_q2_Sf_1.pdf, id=395, 777.90625pt x 491.8375pt>
File: 1/13_CJ15nlo_L2_q2_Sf_1.pdf Graphic file (type pdf)
<use 1/13_CJ15nlo_L2_q2_Sf_1.pdf>
Package pdftex.def Info: 1/13_CJ15nlo_L2_q2_Sf_1.pdf  used on input line 43.
(pdftex.def)             Requested size: 467.6732pt x 295.69014pt.
 [4 <./1/12_CJ15nlo_L2_q100_Sf_1.pdf> <./1/12_CJ15nlo_L2_q2_Sf_1.pdf

pdfTeX warning: latex (file ./1/12_CJ15nlo_L2_q2_Sf_1.pdf): PDF inclusion: mult
iple pdfs with page group included in a single page
>]
<1/14_CJ15nlo_L2_q100_Sf_1.pdf, id=585, 777.90625pt x 491.8375pt>
File: 1/14_CJ15nlo_L2_q100_Sf_1.pdf Graphic file (type pdf)
<use 1/14_CJ15nlo_L2_q100_Sf_1.pdf>
Package pdftex.def Info: 1/14_CJ15nlo_L2_q100_Sf_1.pdf  used on input line 48.
(pdftex.def)             Requested size: 467.6732pt x 295.69014pt.
<1/14_CJ15nlo_L2_q2_Sf_1.pdf, id=586, 777.90625pt x 491.8375pt>
File: 1/14_CJ15nlo_L2_q2_Sf_1.pdf Graphic file (type pdf)
<use 1/14_CJ15nlo_L2_q2_Sf_1.pdf>
Package pdftex.def Info: 1/14_CJ15nlo_L2_q2_Sf_1.pdf  used on input line 52.
(pdftex.def)             Requested size: 467.6732pt x 295.69014pt.
 [5 <./1/13_CJ15nlo_L2_q100_Sf_1.pdf> <./1/13_CJ15nlo_L2_q2_Sf_1.pdf

pdfTeX warning: latex (file ./1/13_CJ15nlo_L2_q2_Sf_1.pdf): PDF inclusion: mult
iple pdfs with page group included in a single page
>]
<1/15_CJ15nlo_L2_q100_Sf_1.pdf, id=777, 777.90625pt x 491.8375pt>
File: 1/15_CJ15nlo_L2_q100_Sf_1.pdf Graphic file (type pdf)
<use 1/15_CJ15nlo_L2_q100_Sf_1.pdf>
Package pdftex.def Info: 1/15_CJ15nlo_L2_q100_Sf_1.pdf  used on input line 57.
(pdftex.def)             Requested size: 467.6732pt x 295.69014pt.
<1/15_CJ15nlo_L2_q2_Sf_1.pdf, id=778, 777.90625pt x 483.8075pt>
File: 1/15_CJ15nlo_L2_q2_Sf_1.pdf Graphic file (type pdf)
<use 1/15_CJ15nlo_L2_q2_Sf_1.pdf>
Package pdftex.def Info: 1/15_CJ15nlo_L2_q2_Sf_1.pdf  used on input line 61.
(pdftex.def)             Requested size: 475.4361pt x 295.69058pt.
 [6 <./1/14_CJ15nlo_L2_q100_Sf_1.pdf> <./1/14_CJ15nlo_L2_q2_Sf_1.pdf

pdfTeX warning: latex (file ./1/14_CJ15nlo_L2_q2_Sf_1.pdf): PDF inclusion: mult
iple pdfs with page group included in a single page
>]
<1/16_CJ15nlo_L2_q100_Sf_1.pdf, id=968, 777.90625pt x 491.8375pt>
File: 1/16_CJ15nlo_L2_q100_Sf_1.pdf Graphic file (type pdf)
<use 1/16_CJ15nlo_L2_q100_Sf_1.pdf>
Package pdftex.def Info: 1/16_CJ15nlo_L2_q100_Sf_1.pdf  used on input line 66.
(pdftex.def)             Requested size: 467.6732pt x 295.69014pt.
<1/16_CJ15nlo_L2_q2_Sf_1.pdf, id=969, 777.90625pt x 491.8375pt>
File: 1/16_CJ15nlo_L2_q2_Sf_1.pdf Graphic file (type pdf)
<use 1/16_CJ15nlo_L2_q2_Sf_1.pdf>
Package pdftex.def Info: 1/16_CJ15nlo_L2_q2_Sf_1.pdf  used on input line 70.
(pdftex.def)             Requested size: 467.6732pt x 295.69014pt.
 [7 <./1/15_CJ15nlo_L2_q100_Sf_1.pdf> <./1/15_CJ15nlo_L2_q2_Sf_1.pdf

pdfTeX warning: latex (file ./1/15_CJ15nlo_L2_q2_Sf_1.pdf): PDF inclusion: mult
iple pdfs with page group included in a single page
>]
<1/17_CJ15nlo_L2_q100_Sf_1.pdf, id=1160, 777.90625pt x 491.8375pt>
File: 1/17_CJ15nlo_L2_q100_Sf_1.pdf Graphic file (type pdf)
<use 1/17_CJ15nlo_L2_q100_Sf_1.pdf>
Package pdftex.def Info: 1/17_CJ15nlo_L2_q100_Sf_1.pdf  used on input line 75.
(pdftex.def)             Requested size: 467.6732pt x 295.69014pt.
<1/17_CJ15nlo_L2_q2_Sf_1.pdf, id=1161, 777.90625pt x 491.8375pt>
File: 1/17_CJ15nlo_L2_q2_Sf_1.pdf Graphic file (type pdf)
<use 1/17_CJ15nlo_L2_q2_Sf_1.pdf>
Package pdftex.def Info: 1/17_CJ15nlo_L2_q2_Sf_1.pdf  used on input line 79.
(pdftex.def)             Requested size: 467.6732pt x 295.69014pt.
 [8 <./1/16_CJ15nlo_L2_q100_Sf_1.pdf> <./1/16_CJ15nlo_L2_q2_Sf_1.pdf

pdfTeX warning: latex (file ./1/16_CJ15nlo_L2_q2_Sf_1.pdf): PDF inclusion: mult
iple pdfs with page group included in a single page
>]
<1/18_CJ15nlo_L2_q100_Sf_1.pdf, id=1352, 777.90625pt x 491.8375pt>
File: 1/18_CJ15nlo_L2_q100_Sf_1.pdf Graphic file (type pdf)
<use 1/18_CJ15nlo_L2_q100_Sf_1.pdf>
Package pdftex.def Info: 1/18_CJ15nlo_L2_q100_Sf_1.pdf  used on input line 84.
(pdftex.def)             Requested size: 467.6732pt x 295.69014pt.
<1/18_CJ15nlo_L2_q2_Sf_1.pdf, id=1353, 777.90625pt x 491.8375pt>
File: 1/18_CJ15nlo_L2_q2_Sf_1.pdf Graphic file (type pdf)
<use 1/18_CJ15nlo_L2_q2_Sf_1.pdf>
Package pdftex.def Info: 1/18_CJ15nlo_L2_q2_Sf_1.pdf  used on input line 88.
(pdftex.def)             Requested size: 467.6732pt x 295.69014pt.
 [9 <./1/17_CJ15nlo_L2_q100_Sf_1.pdf> <./1/17_CJ15nlo_L2_q2_Sf_1.pdf

pdfTeX warning: latex (file ./1/17_CJ15nlo_L2_q2_Sf_1.pdf): PDF inclusion: mult
iple pdfs with page group included in a single page
>]
<1/19_CJ15nlo_L2_q100_Sf_1.pdf, id=1543, 777.90625pt x 491.8375pt>
File: 1/19_CJ15nlo_L2_q100_Sf_1.pdf Graphic file (type pdf)
<use 1/19_CJ15nlo_L2_q100_Sf_1.pdf>
Package pdftex.def Info: 1/19_CJ15nlo_L2_q100_Sf_1.pdf  used on input line 93.
(pdftex.def)             Requested size: 467.6732pt x 295.69014pt.
<1/19_CJ15nlo_L2_q2_Sf_1.pdf, id=1544, 777.90625pt x 491.8375pt>
File: 1/19_CJ15nlo_L2_q2_Sf_1.pdf Graphic file (type pdf)
<use 1/19_CJ15nlo_L2_q2_Sf_1.pdf>
Package pdftex.def Info: 1/19_CJ15nlo_L2_q2_Sf_1.pdf  used on input line 97.
(pdftex.def)             Requested size: 467.6732pt x 295.69014pt.
 [10 <./1/18_CJ15nlo_L2_q100_Sf_1.pdf> <./1/18_CJ15nlo_L2_q2_Sf_1.pdf

pdfTeX warning: latex (file ./1/18_CJ15nlo_L2_q2_Sf_1.pdf): PDF inclusion: mult
iple pdfs with page group included in a single page
>]
<1/1_CJ15nlo_L2_q100_Sf_1.pdf, id=1734, 777.90625pt x 491.8375pt>
File: 1/1_CJ15nlo_L2_q100_Sf_1.pdf Graphic file (type pdf)
<use 1/1_CJ15nlo_L2_q100_Sf_1.pdf>
Package pdftex.def Info: 1/1_CJ15nlo_L2_q100_Sf_1.pdf  used on input line 102.
(pdftex.def)             Requested size: 467.6732pt x 295.69014pt.
<1/1_CJ15nlo_L2_q2_Sf_1.pdf, id=1735, 777.90625pt x 491.8375pt>
File: 1/1_CJ15nlo_L2_q2_Sf_1.pdf Graphic file (type pdf)
<use 1/1_CJ15nlo_L2_q2_Sf_1.pdf>
Package pdftex.def Info: 1/1_CJ15nlo_L2_q2_Sf_1.pdf  used on input line 106.
(pdftex.def)             Requested size: 467.6732pt x 295.69014pt.
 [11 <./1/19_CJ15nlo_L2_q100_Sf_1.pdf> <./1/19_CJ15nlo_L2_q2_Sf_1.pdf

pdfTeX warning: latex (file ./1/19_CJ15nlo_L2_q2_Sf_1.pdf): PDF inclusion: mult
iple pdfs with page group included in a single page
>]
<1/20_CJ15nlo_L2_q100_Sf_1.pdf, id=1926, 777.90625pt x 491.8375pt>
File: 1/20_CJ15nlo_L2_q100_Sf_1.pdf Graphic file (type pdf)
<use 1/20_CJ15nlo_L2_q100_Sf_1.pdf>
Package pdftex.def Info: 1/20_CJ15nlo_L2_q100_Sf_1.pdf  used on input line 111.

(pdftex.def)             Requested size: 467.6732pt x 295.69014pt.
<1/20_CJ15nlo_L2_q2_Sf_1.pdf, id=1927, 777.90625pt x 491.8375pt>
File: 1/20_CJ15nlo_L2_q2_Sf_1.pdf Graphic file (type pdf)
<use 1/20_CJ15nlo_L2_q2_Sf_1.pdf>
Package pdftex.def Info: 1/20_CJ15nlo_L2_q2_Sf_1.pdf  used on input line 115.
(pdftex.def)             Requested size: 467.6732pt x 295.69014pt.
 [12 <./1/1_CJ15nlo_L2_q100_Sf_1.pdf> <./1/1_CJ15nlo_L2_q2_Sf_1.pdf

pdfTeX warning: latex (file ./1/1_CJ15nlo_L2_q2_Sf_1.pdf): PDF inclusion: multi
ple pdfs with page group included in a single page
>]
<1/21_CJ15nlo_L2_q100_Sf_1.pdf, id=2117, 777.90625pt x 491.8375pt>
File: 1/21_CJ15nlo_L2_q100_Sf_1.pdf Graphic file (type pdf)
<use 1/21_CJ15nlo_L2_q100_Sf_1.pdf>
Package pdftex.def Info: 1/21_CJ15nlo_L2_q100_Sf_1.pdf  used on input line 120.

(pdftex.def)             Requested size: 467.6732pt x 295.69014pt.
<1/21_CJ15nlo_L2_q2_Sf_1.pdf, id=2118, 777.90625pt x 491.8375pt>
File: 1/21_CJ15nlo_L2_q2_Sf_1.pdf Graphic file (type pdf)
<use 1/21_CJ15nlo_L2_q2_Sf_1.pdf>
Package pdftex.def Info: 1/21_CJ15nlo_L2_q2_Sf_1.pdf  used on input line 124.
(pdftex.def)             Requested size: 467.6732pt x 295.69014pt.
 [13 <./1/20_CJ15nlo_L2_q100_Sf_1.pdf> <./1/20_CJ15nlo_L2_q2_Sf_1.pdf

pdfTeX warning: latex (file ./1/20_CJ15nlo_L2_q2_Sf_1.pdf): PDF inclusion: mult
iple pdfs with page group included in a single page
>]
<1/22_CJ15nlo_L2_q100_Sf_1.pdf, id=2309, 777.90625pt x 491.8375pt>
File: 1/22_CJ15nlo_L2_q100_Sf_1.pdf Graphic file (type pdf)
<use 1/22_CJ15nlo_L2_q100_Sf_1.pdf>
Package pdftex.def Info: 1/22_CJ15nlo_L2_q100_Sf_1.pdf  used on input line 129.

(pdftex.def)             Requested size: 467.6732pt x 295.69014pt.
<1/22_CJ15nlo_L2_q2_Sf_1.pdf, id=2310, 777.90625pt x 491.8375pt>
File: 1/22_CJ15nlo_L2_q2_Sf_1.pdf Graphic file (type pdf)
<use 1/22_CJ15nlo_L2_q2_Sf_1.pdf>
Package pdftex.def Info: 1/22_CJ15nlo_L2_q2_Sf_1.pdf  used on input line 133.
(pdftex.def)             Requested size: 467.6732pt x 295.69014pt.
 [14 <./1/21_CJ15nlo_L2_q100_Sf_1.pdf> <./1/21_CJ15nlo_L2_q2_Sf_1.pdf

pdfTeX warning: latex (file ./1/21_CJ15nlo_L2_q2_Sf_1.pdf): PDF inclusion: mult
iple pdfs with page group included in a single page
>]
<1/23_CJ15nlo_L2_q100_Sf_1.pdf, id=2501, 777.90625pt x 483.8075pt>
File: 1/23_CJ15nlo_L2_q100_Sf_1.pdf Graphic file (type pdf)
<use 1/23_CJ15nlo_L2_q100_Sf_1.pdf>
Package pdftex.def Info: 1/23_CJ15nlo_L2_q100_Sf_1.pdf  used on input line 138.

(pdftex.def)             Requested size: 475.4361pt x 295.69058pt.
<1/23_CJ15nlo_L2_q2_Sf_1.pdf, id=2502, 777.90625pt x 483.8075pt>
File: 1/23_CJ15nlo_L2_q2_Sf_1.pdf Graphic file (type pdf)
<use 1/23_CJ15nlo_L2_q2_Sf_1.pdf>
Package pdftex.def Info: 1/23_CJ15nlo_L2_q2_Sf_1.pdf  used on input line 142.
(pdftex.def)             Requested size: 475.4361pt x 295.69058pt.
 [15 <./1/22_CJ15nlo_L2_q100_Sf_1.pdf> <./1/22_CJ15nlo_L2_q2_Sf_1.pdf

pdfTeX warning: latex (file ./1/22_CJ15nlo_L2_q2_Sf_1.pdf): PDF inclusion: mult
iple pdfs with page group included in a single page
>]
<1/24_CJ15nlo_L2_q100_Sf_1.pdf, id=2692, 777.90625pt x 491.8375pt>
File: 1/24_CJ15nlo_L2_q100_Sf_1.pdf Graphic file (type pdf)
<use 1/24_CJ15nlo_L2_q100_Sf_1.pdf>
Package pdftex.def Info: 1/24_CJ15nlo_L2_q100_Sf_1.pdf  used on input line 147.

(pdftex.def)             Requested size: 467.6732pt x 295.69014pt.
<1/24_CJ15nlo_L2_q2_Sf_1.pdf, id=2693, 777.90625pt x 491.8375pt>
File: 1/24_CJ15nlo_L2_q2_Sf_1.pdf Graphic file (type pdf)
<use 1/24_CJ15nlo_L2_q2_Sf_1.pdf>
Package pdftex.def Info: 1/24_CJ15nlo_L2_q2_Sf_1.pdf  used on input line 151.
(pdftex.def)             Requested size: 467.6732pt x 295.69014pt.
 [16 <./1/23_CJ15nlo_L2_q100_Sf_1.pdf> <./1/23_CJ15nlo_L2_q2_Sf_1.pdf

pdfTeX warning: latex (file ./1/23_CJ15nlo_L2_q2_Sf_1.pdf): PDF inclusion: mult
iple pdfs with page group included in a single page
>]
<1/25_CJ15nlo_L2_q100_Sf_1.pdf, id=2883, 777.90625pt x 491.8375pt>
File: 1/25_CJ15nlo_L2_q100_Sf_1.pdf Graphic file (type pdf)
<use 1/25_CJ15nlo_L2_q100_Sf_1.pdf>
Package pdftex.def Info: 1/25_CJ15nlo_L2_q100_Sf_1.pdf  used on input line 156.

(pdftex.def)             Requested size: 467.6732pt x 295.69014pt.
<1/25_CJ15nlo_L2_q2_Sf_1.pdf, id=2884, 777.90625pt x 491.8375pt>
File: 1/25_CJ15nlo_L2_q2_Sf_1.pdf Graphic file (type pdf)
<use 1/25_CJ15nlo_L2_q2_Sf_1.pdf>
Package pdftex.def Info: 1/25_CJ15nlo_L2_q2_Sf_1.pdf  used on input line 160.
(pdftex.def)             Requested size: 467.6732pt x 295.69014pt.
 [17 <./1/24_CJ15nlo_L2_q100_Sf_1.pdf> <./1/24_CJ15nlo_L2_q2_Sf_1.pdf

pdfTeX warning: latex (file ./1/24_CJ15nlo_L2_q2_Sf_1.pdf): PDF inclusion: mult
iple pdfs with page group included in a single page
>]
<1/26_CJ15nlo_L2_q100_Sf_1.pdf, id=3074, 777.90625pt x 491.8375pt>
File: 1/26_CJ15nlo_L2_q100_Sf_1.pdf Graphic file (type pdf)
<use 1/26_CJ15nlo_L2_q100_Sf_1.pdf>
Package pdftex.def Info: 1/26_CJ15nlo_L2_q100_Sf_1.pdf  used on input line 165.

(pdftex.def)             Requested size: 467.6732pt x 295.69014pt.
<1/26_CJ15nlo_L2_q2_Sf_1.pdf, id=3075, 777.90625pt x 491.8375pt>
File: 1/26_CJ15nlo_L2_q2_Sf_1.pdf Graphic file (type pdf)
<use 1/26_CJ15nlo_L2_q2_Sf_1.pdf>
Package pdftex.def Info: 1/26_CJ15nlo_L2_q2_Sf_1.pdf  used on input line 169.
(pdftex.def)             Requested size: 467.6732pt x 295.69014pt.
 [18 <./1/25_CJ15nlo_L2_q100_Sf_1.pdf> <./1/25_CJ15nlo_L2_q2_Sf_1.pdf

pdfTeX warning: latex (file ./1/25_CJ15nlo_L2_q2_Sf_1.pdf): PDF inclusion: mult
iple pdfs with page group included in a single page
>]
<1/27_CJ15nlo_L2_q100_Sf_1.pdf, id=3266, 777.90625pt x 491.8375pt>
File: 1/27_CJ15nlo_L2_q100_Sf_1.pdf Graphic file (type pdf)
<use 1/27_CJ15nlo_L2_q100_Sf_1.pdf>
Package pdftex.def Info: 1/27_CJ15nlo_L2_q100_Sf_1.pdf  used on input line 174.

(pdftex.def)             Requested size: 467.6732pt x 295.69014pt.
<1/27_CJ15nlo_L2_q2_Sf_1.pdf, id=3267, 777.90625pt x 491.8375pt>
File: 1/27_CJ15nlo_L2_q2_Sf_1.pdf Graphic file (type pdf)
<use 1/27_CJ15nlo_L2_q2_Sf_1.pdf>
Package pdftex.def Info: 1/27_CJ15nlo_L2_q2_Sf_1.pdf  used on input line 178.
(pdftex.def)             Requested size: 467.6732pt x 295.69014pt.
 [19 <./1/26_CJ15nlo_L2_q100_Sf_1.pdf> <./1/26_CJ15nlo_L2_q2_Sf_1.pdf

pdfTeX warning: latex (file ./1/26_CJ15nlo_L2_q2_Sf_1.pdf): PDF inclusion: mult
iple pdfs with page group included in a single page
>]
<1/28_CJ15nlo_L2_q100_Sf_1.pdf, id=3458, 777.90625pt x 491.8375pt>
File: 1/28_CJ15nlo_L2_q100_Sf_1.pdf Graphic file (type pdf)
<use 1/28_CJ15nlo_L2_q100_Sf_1.pdf>
Package pdftex.def Info: 1/28_CJ15nlo_L2_q100_Sf_1.pdf  used on input line 183.

(pdftex.def)             Requested size: 467.6732pt x 295.69014pt.
<1/28_CJ15nlo_L2_q2_Sf_1.pdf, id=3459, 777.90625pt x 491.8375pt>
File: 1/28_CJ15nlo_L2_q2_Sf_1.pdf Graphic file (type pdf)
<use 1/28_CJ15nlo_L2_q2_Sf_1.pdf>
Package pdftex.def Info: 1/28_CJ15nlo_L2_q2_Sf_1.pdf  used on input line 187.
(pdftex.def)             Requested size: 467.6732pt x 295.69014pt.
 [20 <./1/27_CJ15nlo_L2_q100_Sf_1.pdf> <./1/27_CJ15nlo_L2_q2_Sf_1.pdf

pdfTeX warning: latex (file ./1/27_CJ15nlo_L2_q2_Sf_1.pdf): PDF inclusion: mult
iple pdfs with page group included in a single page
>]
<1/29_CJ15nlo_L2_q100_Sf_1.pdf, id=3649, 777.90625pt x 491.8375pt>
File: 1/29_CJ15nlo_L2_q100_Sf_1.pdf Graphic file (type pdf)
<use 1/29_CJ15nlo_L2_q100_Sf_1.pdf>
Package pdftex.def Info: 1/29_CJ15nlo_L2_q100_Sf_1.pdf  used on input line 192.

(pdftex.def)             Requested size: 467.6732pt x 295.69014pt.
<1/29_CJ15nlo_L2_q2_Sf_1.pdf, id=3650, 777.90625pt x 491.8375pt>
File: 1/29_CJ15nlo_L2_q2_Sf_1.pdf Graphic file (type pdf)
<use 1/29_CJ15nlo_L2_q2_Sf_1.pdf>
Package pdftex.def Info: 1/29_CJ15nlo_L2_q2_Sf_1.pdf  used on input line 196.
(pdftex.def)             Requested size: 467.6732pt x 295.69014pt.
 [21 <./1/28_CJ15nlo_L2_q100_Sf_1.pdf> <./1/28_CJ15nlo_L2_q2_Sf_1.pdf

pdfTeX warning: latex (file ./1/28_CJ15nlo_L2_q2_Sf_1.pdf): PDF inclusion: mult
iple pdfs with page group included in a single page
>]
<1/2_CJ15nlo_L2_q100_Sf_1.pdf, id=3841, 777.90625pt x 485.815pt>
File: 1/2_CJ15nlo_L2_q100_Sf_1.pdf Graphic file (type pdf)
<use 1/2_CJ15nlo_L2_q100_Sf_1.pdf>
Package pdftex.def Info: 1/2_CJ15nlo_L2_q100_Sf_1.pdf  used on input line 201.
(pdftex.def)             Requested size: 473.45383pt x 295.67955pt.
<1/2_CJ15nlo_L2_q2_Sf_1.pdf, id=3842, 777.90625pt x 485.815pt>
File: 1/2_CJ15nlo_L2_q2_Sf_1.pdf Graphic file (type pdf)
<use 1/2_CJ15nlo_L2_q2_Sf_1.pdf>
Package pdftex.def Info: 1/2_CJ15nlo_L2_q2_Sf_1.pdf  used on input line 205.
(pdftex.def)             Requested size: 473.45383pt x 295.67955pt.
 [22 <./1/29_CJ15nlo_L2_q100_Sf_1.pdf> <./1/29_CJ15nlo_L2_q2_Sf_1.pdf

pdfTeX warning: latex (file ./1/29_CJ15nlo_L2_q2_Sf_1.pdf): PDF inclusion: mult
iple pdfs with page group included in a single page
>]
<1/30_CJ15nlo_L2_q100_Sf_1.pdf, id=4032, 777.90625pt x 491.8375pt>
File: 1/30_CJ15nlo_L2_q100_Sf_1.pdf Graphic file (type pdf)
<use 1/30_CJ15nlo_L2_q100_Sf_1.pdf>
Package pdftex.def Info: 1/30_CJ15nlo_L2_q100_Sf_1.pdf  used on input line 210.

(pdftex.def)             Requested size: 467.6732pt x 295.69014pt.
<1/30_CJ15nlo_L2_q2_Sf_1.pdf, id=4033, 777.90625pt x 491.8375pt>
File: 1/30_CJ15nlo_L2_q2_Sf_1.pdf Graphic file (type pdf)
<use 1/30_CJ15nlo_L2_q2_Sf_1.pdf>
Package pdftex.def Info: 1/30_CJ15nlo_L2_q2_Sf_1.pdf  used on input line 214.
(pdftex.def)             Requested size: 467.6732pt x 295.69014pt.
 [23 <./1/2_CJ15nlo_L2_q100_Sf_1.pdf> <./1/2_CJ15nlo_L2_q2_Sf_1.pdf

pdfTeX warning: latex (file ./1/2_CJ15nlo_L2_q2_Sf_1.pdf): PDF inclusion: multi
ple pdfs with page group included in a single page
>]
<1/31_CJ15nlo_L2_q100_Sf_1.pdf, id=4223, 777.90625pt x 491.8375pt>
File: 1/31_CJ15nlo_L2_q100_Sf_1.pdf Graphic file (type pdf)
<use 1/31_CJ15nlo_L2_q100_Sf_1.pdf>
Package pdftex.def Info: 1/31_CJ15nlo_L2_q100_Sf_1.pdf  used on input line 219.

(pdftex.def)             Requested size: 467.6732pt x 295.69014pt.
<1/31_CJ15nlo_L2_q2_Sf_1.pdf, id=4224, 777.90625pt x 491.8375pt>
File: 1/31_CJ15nlo_L2_q2_Sf_1.pdf Graphic file (type pdf)
<use 1/31_CJ15nlo_L2_q2_Sf_1.pdf>
Package pdftex.def Info: 1/31_CJ15nlo_L2_q2_Sf_1.pdf  used on input line 223.
(pdftex.def)             Requested size: 467.6732pt x 295.69014pt.
 [24 <./1/30_CJ15nlo_L2_q100_Sf_1.pdf> <./1/30_CJ15nlo_L2_q2_Sf_1.pdf

pdfTeX warning: latex (file ./1/30_CJ15nlo_L2_q2_Sf_1.pdf): PDF inclusion: mult
iple pdfs with page group included in a single page
>]
<1/32_CJ15nlo_L2_q100_Sf_1.pdf, id=4415, 777.90625pt x 491.8375pt>
File: 1/32_CJ15nlo_L2_q100_Sf_1.pdf Graphic file (type pdf)
<use 1/32_CJ15nlo_L2_q100_Sf_1.pdf>
Package pdftex.def Info: 1/32_CJ15nlo_L2_q100_Sf_1.pdf  used on input line 228.

(pdftex.def)             Requested size: 467.6732pt x 295.69014pt.
<1/32_CJ15nlo_L2_q2_Sf_1.pdf, id=4416, 777.90625pt x 491.8375pt>
File: 1/32_CJ15nlo_L2_q2_Sf_1.pdf Graphic file (type pdf)
<use 1/32_CJ15nlo_L2_q2_Sf_1.pdf>
Package pdftex.def Info: 1/32_CJ15nlo_L2_q2_Sf_1.pdf  used on input line 232.
(pdftex.def)             Requested size: 467.6732pt x 295.69014pt.
 [25 <./1/31_CJ15nlo_L2_q100_Sf_1.pdf> <./1/31_CJ15nlo_L2_q2_Sf_1.pdf

pdfTeX warning: latex (file ./1/31_CJ15nlo_L2_q2_Sf_1.pdf): PDF inclusion: mult
iple pdfs with page group included in a single page
>]
<1/33_CJ15nlo_L2_q100_Sf_1.pdf, id=4607, 777.90625pt x 491.8375pt>
File: 1/33_CJ15nlo_L2_q100_Sf_1.pdf Graphic file (type pdf)
<use 1/33_CJ15nlo_L2_q100_Sf_1.pdf>
Package pdftex.def Info: 1/33_CJ15nlo_L2_q100_Sf_1.pdf  used on input line 237.

(pdftex.def)             Requested size: 467.6732pt x 295.69014pt.
<1/33_CJ15nlo_L2_q2_Sf_1.pdf, id=4608, 777.90625pt x 491.8375pt>
File: 1/33_CJ15nlo_L2_q2_Sf_1.pdf Graphic file (type pdf)
<use 1/33_CJ15nlo_L2_q2_Sf_1.pdf>
Package pdftex.def Info: 1/33_CJ15nlo_L2_q2_Sf_1.pdf  used on input line 241.
(pdftex.def)             Requested size: 467.6732pt x 295.69014pt.
 [26 <./1/32_CJ15nlo_L2_q100_Sf_1.pdf> <./1/32_CJ15nlo_L2_q2_Sf_1.pdf

pdfTeX warning: latex (file ./1/32_CJ15nlo_L2_q2_Sf_1.pdf): PDF inclusion: mult
iple pdfs with page group included in a single page
>]
<1/34_CJ15nlo_L2_q100_Sf_1.pdf, id=4798, 777.90625pt x 485.815pt>
File: 1/34_CJ15nlo_L2_q100_Sf_1.pdf Graphic file (type pdf)
<use 1/34_CJ15nlo_L2_q100_Sf_1.pdf>
Package pdftex.def Info: 1/34_CJ15nlo_L2_q100_Sf_1.pdf  used on input line 246.

(pdftex.def)             Requested size: 473.45383pt x 295.67955pt.
<1/34_CJ15nlo_L2_q2_Sf_1.pdf, id=4799, 777.90625pt x 485.815pt>
File: 1/34_CJ15nlo_L2_q2_Sf_1.pdf Graphic file (type pdf)
<use 1/34_CJ15nlo_L2_q2_Sf_1.pdf>
Package pdftex.def Info: 1/34_CJ15nlo_L2_q2_Sf_1.pdf  used on input line 250.
(pdftex.def)             Requested size: 473.45383pt x 295.67955pt.
 [27 <./1/33_CJ15nlo_L2_q100_Sf_1.pdf> <./1/33_CJ15nlo_L2_q2_Sf_1.pdf

pdfTeX warning: latex (file ./1/33_CJ15nlo_L2_q2_Sf_1.pdf): PDF inclusion: mult
iple pdfs with page group included in a single page
>]
<1/3_CJ15nlo_L2_q100_Sf_1.pdf, id=4990, 777.90625pt x 491.8375pt>
File: 1/3_CJ15nlo_L2_q100_Sf_1.pdf Graphic file (type pdf)
<use 1/3_CJ15nlo_L2_q100_Sf_1.pdf>
Package pdftex.def Info: 1/3_CJ15nlo_L2_q100_Sf_1.pdf  used on input line 255.
(pdftex.def)             Requested size: 467.6732pt x 295.69014pt.
<1/3_CJ15nlo_L2_q2_Sf_1.pdf, id=4991, 777.90625pt x 491.8375pt>
File: 1/3_CJ15nlo_L2_q2_Sf_1.pdf Graphic file (type pdf)
<use 1/3_CJ15nlo_L2_q2_Sf_1.pdf>
Package pdftex.def Info: 1/3_CJ15nlo_L2_q2_Sf_1.pdf  used on input line 259.
(pdftex.def)             Requested size: 467.6732pt x 295.69014pt.
 [28 <./1/34_CJ15nlo_L2_q100_Sf_1.pdf> <./1/34_CJ15nlo_L2_q2_Sf_1.pdf

pdfTeX warning: latex (file ./1/34_CJ15nlo_L2_q2_Sf_1.pdf): PDF inclusion: mult
iple pdfs with page group included in a single page
>]
<1/4_CJ15nlo_L2_q100_Sf_1.pdf, id=5181, 777.90625pt x 491.8375pt>
File: 1/4_CJ15nlo_L2_q100_Sf_1.pdf Graphic file (type pdf)
<use 1/4_CJ15nlo_L2_q100_Sf_1.pdf>
Package pdftex.def Info: 1/4_CJ15nlo_L2_q100_Sf_1.pdf  used on input line 264.
(pdftex.def)             Requested size: 467.6732pt x 295.69014pt.
<1/4_CJ15nlo_L2_q2_Sf_1.pdf, id=5182, 777.90625pt x 491.8375pt>
File: 1/4_CJ15nlo_L2_q2_Sf_1.pdf Graphic file (type pdf)
<use 1/4_CJ15nlo_L2_q2_Sf_1.pdf>
Package pdftex.def Info: 1/4_CJ15nlo_L2_q2_Sf_1.pdf  used on input line 268.
(pdftex.def)             Requested size: 467.6732pt x 295.69014pt.
 [29 <./1/3_CJ15nlo_L2_q100_Sf_1.pdf> <./1/3_CJ15nlo_L2_q2_Sf_1.pdf

pdfTeX warning: latex (file ./1/3_CJ15nlo_L2_q2_Sf_1.pdf): PDF inclusion: multi
ple pdfs with page group included in a single page
>]
<1/5_CJ15nlo_L2_q100_Sf_1.pdf, id=5372, 777.90625pt x 491.8375pt>
File: 1/5_CJ15nlo_L2_q100_Sf_1.pdf Graphic file (type pdf)
<use 1/5_CJ15nlo_L2_q100_Sf_1.pdf>
Package pdftex.def Info: 1/5_CJ15nlo_L2_q100_Sf_1.pdf  used on input line 273.
(pdftex.def)             Requested size: 467.6732pt x 295.69014pt.
<1/5_CJ15nlo_L2_q2_Sf_1.pdf, id=5373, 777.90625pt x 491.8375pt>
File: 1/5_CJ15nlo_L2_q2_Sf_1.pdf Graphic file (type pdf)
<use 1/5_CJ15nlo_L2_q2_Sf_1.pdf>
Package pdftex.def Info: 1/5_CJ15nlo_L2_q2_Sf_1.pdf  used on input line 277.
(pdftex.def)             Requested size: 467.6732pt x 295.69014pt.
 [30 <./1/4_CJ15nlo_L2_q100_Sf_1.pdf> <./1/4_CJ15nlo_L2_q2_Sf_1.pdf

pdfTeX warning: latex (file ./1/4_CJ15nlo_L2_q2_Sf_1.pdf): PDF inclusion: multi
ple pdfs with page group included in a single page
>]
<1/6_CJ15nlo_L2_q100_Sf_1.pdf, id=5564, 777.90625pt x 491.8375pt>
File: 1/6_CJ15nlo_L2_q100_Sf_1.pdf Graphic file (type pdf)
<use 1/6_CJ15nlo_L2_q100_Sf_1.pdf>
Package pdftex.def Info: 1/6_CJ15nlo_L2_q100_Sf_1.pdf  used on input line 282.
(pdftex.def)             Requested size: 467.6732pt x 295.69014pt.
<1/6_CJ15nlo_L2_q2_Sf_1.pdf, id=5565, 777.90625pt x 491.8375pt>
File: 1/6_CJ15nlo_L2_q2_Sf_1.pdf Graphic file (type pdf)
<use 1/6_CJ15nlo_L2_q2_Sf_1.pdf>
Package pdftex.def Info: 1/6_CJ15nlo_L2_q2_Sf_1.pdf  used on input line 286.
(pdftex.def)             Requested size: 467.6732pt x 295.69014pt.
 [31 <./1/5_CJ15nlo_L2_q100_Sf_1.pdf> <./1/5_CJ15nlo_L2_q2_Sf_1.pdf

pdfTeX warning: latex (file ./1/5_CJ15nlo_L2_q2_Sf_1.pdf): PDF inclusion: multi
ple pdfs with page group included in a single page
>]
<1/7_CJ15nlo_L2_q100_Sf_1.pdf, id=5756, 777.90625pt x 485.815pt>
File: 1/7_CJ15nlo_L2_q100_Sf_1.pdf Graphic file (type pdf)
<use 1/7_CJ15nlo_L2_q100_Sf_1.pdf>
Package pdftex.def Info: 1/7_CJ15nlo_L2_q100_Sf_1.pdf  used on input line 291.
(pdftex.def)             Requested size: 473.45383pt x 295.67955pt.
<1/7_CJ15nlo_L2_q2_Sf_1.pdf, id=5757, 777.90625pt x 485.815pt>
File: 1/7_CJ15nlo_L2_q2_Sf_1.pdf Graphic file (type pdf)
<use 1/7_CJ15nlo_L2_q2_Sf_1.pdf>
Package pdftex.def Info: 1/7_CJ15nlo_L2_q2_Sf_1.pdf  used on input line 295.
(pdftex.def)             Requested size: 473.45383pt x 295.67955pt.
 [32 <./1/6_CJ15nlo_L2_q100_Sf_1.pdf> <./1/6_CJ15nlo_L2_q2_Sf_1.pdf

pdfTeX warning: latex (file ./1/6_CJ15nlo_L2_q2_Sf_1.pdf): PDF inclusion: multi
ple pdfs with page group included in a single page
>]
<1/8_CJ15nlo_L2_q100_Sf_1.pdf, id=5947, 777.90625pt x 483.8075pt>
File: 1/8_CJ15nlo_L2_q100_Sf_1.pdf Graphic file (type pdf)
<use 1/8_CJ15nlo_L2_q100_Sf_1.pdf>
Package pdftex.def Info: 1/8_CJ15nlo_L2_q100_Sf_1.pdf  used on input line 300.
(pdftex.def)             Requested size: 475.4361pt x 295.69058pt.
<1/8_CJ15nlo_L2_q2_Sf_1.pdf, id=5948, 777.90625pt x 483.8075pt>
File: 1/8_CJ15nlo_L2_q2_Sf_1.pdf Graphic file (type pdf)
<use 1/8_CJ15nlo_L2_q2_Sf_1.pdf>
Package pdftex.def Info: 1/8_CJ15nlo_L2_q2_Sf_1.pdf  used on input line 304.
(pdftex.def)             Requested size: 475.4361pt x 295.69058pt.
 [33 <./1/7_CJ15nlo_L2_q100_Sf_1.pdf> <./1/7_CJ15nlo_L2_q2_Sf_1.pdf

pdfTeX warning: latex (file ./1/7_CJ15nlo_L2_q2_Sf_1.pdf): PDF inclusion: multi
ple pdfs with page group included in a single page
>]
<1/9_CJ15nlo_L2_q100_Sf_1.pdf, id=6138, 777.90625pt x 491.8375pt>
File: 1/9_CJ15nlo_L2_q100_Sf_1.pdf Graphic file (type pdf)
<use 1/9_CJ15nlo_L2_q100_Sf_1.pdf>
Package pdftex.def Info: 1/9_CJ15nlo_L2_q100_Sf_1.pdf  used on input line 309.
(pdftex.def)             Requested size: 467.6732pt x 295.69014pt.
<1/9_CJ15nlo_L2_q2_Sf_1.pdf, id=6139, 777.90625pt x 491.8375pt>
File: 1/9_CJ15nlo_L2_q2_Sf_1.pdf Graphic file (type pdf)
<use 1/9_CJ15nlo_L2_q2_Sf_1.pdf>
Package pdftex.def Info: 1/9_CJ15nlo_L2_q2_Sf_1.pdf  used on input line 313.
(pdftex.def)             Requested size: 467.6732pt x 295.69014pt.
 [34 <./1/8_CJ15nlo_L2_q100_Sf_1.pdf> <./1/8_CJ15nlo_L2_q2_Sf_1.pdf

pdfTeX warning: latex (file ./1/8_CJ15nlo_L2_q2_Sf_1.pdf): PDF inclusion: multi
ple pdfs with page group included in a single page
>]
<1/ifl-1_CJ15nlo_L2_q100_Sf_1.pdf, id=6330, 889.3225pt x 869.2475pt>
File: 1/ifl-1_CJ15nlo_L2_q100_Sf_1.pdf Graphic file (type pdf)
<use 1/ifl-1_CJ15nlo_L2_q100_Sf_1.pdf>
Package pdftex.def Info: 1/ifl-1_CJ15nlo_L2_q100_Sf_1.pdf  used on input line 3
18.
(pdftex.def)             Requested size: 302.51491pt x 295.68614pt.
<1/ifl-1_CJ15nlo_L2_q2_Sf_1.pdf, id=6331, 889.3225pt x 869.2475pt>
File: 1/ifl-1_CJ15nlo_L2_q2_Sf_1.pdf Graphic file (type pdf)
<use 1/ifl-1_CJ15nlo_L2_q2_Sf_1.pdf>
Package pdftex.def Info: 1/ifl-1_CJ15nlo_L2_q2_Sf_1.pdf  used on input line 322
.
(pdftex.def)             Requested size: 302.51491pt x 295.68614pt.
 [35 <./1/9_CJ15nlo_L2_q100_Sf_1.pdf> <./1/9_CJ15nlo_L2_q2_Sf_1.pdf

pdfTeX warning: latex (file ./1/9_CJ15nlo_L2_q2_Sf_1.pdf): PDF inclusion: multi
ple pdfs with page group included in a single page
>]
<1/ifl-2_CJ15nlo_L2_q100_Sf_1.pdf, id=6521, 889.3225pt x 865.2325pt>
File: 1/ifl-2_CJ15nlo_L2_q100_Sf_1.pdf Graphic file (type pdf)
<use 1/ifl-2_CJ15nlo_L2_q100_Sf_1.pdf>
Package pdftex.def Info: 1/ifl-2_CJ15nlo_L2_q100_Sf_1.pdf  used on input line 3
27.
(pdftex.def)             Requested size: 303.91261pt x 295.68022pt.
<1/ifl-2_CJ15nlo_L2_q2_Sf_1.pdf, id=6522, 889.3225pt x 865.2325pt>
File: 1/ifl-2_CJ15nlo_L2_q2_Sf_1.pdf Graphic file (type pdf)
<use 1/ifl-2_CJ15nlo_L2_q2_Sf_1.pdf>
Package pdftex.def Info: 1/ifl-2_CJ15nlo_L2_q2_Sf_1.pdf  used on input line 331
.
(pdftex.def)             Requested size: 303.91261pt x 295.68022pt.
 [36 <./1/ifl-1_CJ15nlo_L2_q100_Sf_1.pdf> <./1/ifl-1_CJ15nlo_L2_q2_Sf_1.pdf

pdfTeX warning: latex (file ./1/ifl-1_CJ15nlo_L2_q2_Sf_1.pdf): PDF inclusion: m
ultiple pdfs with page group included in a single page
>]
<1/ifl0_CJ15nlo_L2_q100_Sf_1.pdf, id=6741, 889.3225pt x 861.2175pt>
File: 1/ifl0_CJ15nlo_L2_q100_Sf_1.pdf Graphic file (type pdf)
<use 1/ifl0_CJ15nlo_L2_q100_Sf_1.pdf>
Package pdftex.def Info: 1/ifl0_CJ15nlo_L2_q100_Sf_1.pdf  used on input line 33
6.
(pdftex.def)             Requested size: 305.33746pt x 295.68797pt.
<1/ifl0_CJ15nlo_L2_q2_Sf_1.pdf, id=6742, 889.3225pt x 861.2175pt>
File: 1/ifl0_CJ15nlo_L2_q2_Sf_1.pdf Graphic file (type pdf)
<use 1/ifl0_CJ15nlo_L2_q2_Sf_1.pdf>
Package pdftex.def Info: 1/ifl0_CJ15nlo_L2_q2_Sf_1.pdf  used on input line 340.

(pdftex.def)             Requested size: 305.33746pt x 295.68797pt.
 [37 <./1/ifl-2_CJ15nlo_L2_q100_Sf_1.pdf> <./1/ifl-2_CJ15nlo_L2_q2_Sf_1.pdf

pdfTeX warning: latex (file ./1/ifl-2_CJ15nlo_L2_q2_Sf_1.pdf): PDF inclusion: m
ultiple pdfs with page group included in a single page
>]
<1/ifl1_CJ15nlo_L2_q100_Sf_1.pdf, id=6961, 889.3225pt x 861.2175pt>
File: 1/ifl1_CJ15nlo_L2_q100_Sf_1.pdf Graphic file (type pdf)
<use 1/ifl1_CJ15nlo_L2_q100_Sf_1.pdf>
Package pdftex.def Info: 1/ifl1_CJ15nlo_L2_q100_Sf_1.pdf  used on input line 34
5.
(pdftex.def)             Requested size: 305.33746pt x 295.68797pt.
<1/ifl1_CJ15nlo_L2_q2_Sf_1.pdf, id=6962, 889.3225pt x 861.2175pt>
File: 1/ifl1_CJ15nlo_L2_q2_Sf_1.pdf Graphic file (type pdf)
<use 1/ifl1_CJ15nlo_L2_q2_Sf_1.pdf>
Package pdftex.def Info: 1/ifl1_CJ15nlo_L2_q2_Sf_1.pdf  used on input line 349.

(pdftex.def)             Requested size: 305.33746pt x 295.68797pt.
 [38 <./1/ifl0_CJ15nlo_L2_q100_Sf_1.pdf> <./1/ifl0_CJ15nlo_L2_q2_Sf_1.pdf

pdfTeX warning: latex (file ./1/ifl0_CJ15nlo_L2_q2_Sf_1.pdf): PDF inclusion: mu
ltiple pdfs with page group included in a single page
>]
<1/ifl2_CJ15nlo_L2_q100_Sf_1.pdf, id=7154, 889.3225pt x 861.2175pt>
File: 1/ifl2_CJ15nlo_L2_q100_Sf_1.pdf Graphic file (type pdf)
<use 1/ifl2_CJ15nlo_L2_q100_Sf_1.pdf>
Package pdftex.def Info: 1/ifl2_CJ15nlo_L2_q100_Sf_1.pdf  used on input line 35
4.
(pdftex.def)             Requested size: 305.33746pt x 295.68797pt.
<1/ifl2_CJ15nlo_L2_q2_Sf_1.pdf, id=7155, 889.3225pt x 861.2175pt>
File: 1/ifl2_CJ15nlo_L2_q2_Sf_1.pdf Graphic file (type pdf)
<use 1/ifl2_CJ15nlo_L2_q2_Sf_1.pdf>
Package pdftex.def Info: 1/ifl2_CJ15nlo_L2_q2_Sf_1.pdf  used on input line 358.

(pdftex.def)             Requested size: 305.33746pt x 295.68797pt.
 [39 <./1/ifl1_CJ15nlo_L2_q100_Sf_1.pdf> <./1/ifl1_CJ15nlo_L2_q2_Sf_1.pdf

pdfTeX warning: latex (file ./1/ifl1_CJ15nlo_L2_q2_Sf_1.pdf): PDF inclusion: mu
ltiple pdfs with page group included in a single page
>]
<1/ifl3_CJ15nlo_L2_q100_Sf_1.pdf, id=7348, 889.3225pt x 861.2175pt>
File: 1/ifl3_CJ15nlo_L2_q100_Sf_1.pdf Graphic file (type pdf)
<use 1/ifl3_CJ15nlo_L2_q100_Sf_1.pdf>
Package pdftex.def Info: 1/ifl3_CJ15nlo_L2_q100_Sf_1.pdf  used on input line 36
3.
(pdftex.def)             Requested size: 305.33746pt x 295.68797pt.
<1/ifl3_CJ15nlo_L2_q2_Sf_1.pdf, id=7349, 889.3225pt x 861.2175pt>
File: 1/ifl3_CJ15nlo_L2_q2_Sf_1.pdf Graphic file (type pdf)
<use 1/ifl3_CJ15nlo_L2_q2_Sf_1.pdf>
Package pdftex.def Info: 1/ifl3_CJ15nlo_L2_q2_Sf_1.pdf  used on input line 367.

(pdftex.def)             Requested size: 305.33746pt x 295.68797pt.
 [40 <./1/ifl2_CJ15nlo_L2_q100_Sf_1.pdf> <./1/ifl2_CJ15nlo_L2_q2_Sf_1.pdf

pdfTeX warning: latex (file ./1/ifl2_CJ15nlo_L2_q2_Sf_1.pdf): PDF inclusion: mu
ltiple pdfs with page group included in a single page
>]
<1/ifl4_CJ15nlo_L2_q100_Sf_1.pdf, id=7541, 889.3225pt x 861.2175pt>
File: 1/ifl4_CJ15nlo_L2_q100_Sf_1.pdf Graphic file (type pdf)
<use 1/ifl4_CJ15nlo_L2_q100_Sf_1.pdf>
Package pdftex.def Info: 1/ifl4_CJ15nlo_L2_q100_Sf_1.pdf  used on input line 37
2.
(pdftex.def)             Requested size: 305.33746pt x 295.68797pt.
<1/ifl4_CJ15nlo_L2_q2_Sf_1.pdf, id=7542, 889.3225pt x 861.2175pt>
File: 1/ifl4_CJ15nlo_L2_q2_Sf_1.pdf Graphic file (type pdf)
<use 1/ifl4_CJ15nlo_L2_q2_Sf_1.pdf>
Package pdftex.def Info: 1/ifl4_CJ15nlo_L2_q2_Sf_1.pdf  used on input line 376.

(pdftex.def)             Requested size: 305.33746pt x 295.68797pt.
 [41 <./1/ifl3_CJ15nlo_L2_q100_Sf_1.pdf> <./1/ifl3_CJ15nlo_L2_q2_Sf_1.pdf

pdfTeX warning: latex (file ./1/ifl3_CJ15nlo_L2_q2_Sf_1.pdf): PDF inclusion: mu
ltiple pdfs with page group included in a single page
>]
<2/10_CJ15nlo_q100_Sf_2.pdf, id=7734, 950.55125pt x 491.8375pt>
File: 2/10_CJ15nlo_q100_Sf_2.pdf Graphic file (type pdf)
<use 2/10_CJ15nlo_q100_Sf_2.pdf>
Package pdftex.def Info: 2/10_CJ15nlo_q100_Sf_2.pdf  used on input line 381.
(pdftex.def)             Requested size: 509.99757pt x 263.88469pt.
<2/10_CJ15nlo_q2_Sf_2.pdf, id=7735, 950.55125pt x 491.8375pt>
File: 2/10_CJ15nlo_q2_Sf_2.pdf Graphic file (type pdf)
<use 2/10_CJ15nlo_q2_Sf_2.pdf>
Package pdftex.def Info: 2/10_CJ15nlo_q2_Sf_2.pdf  used on input line 385.
(pdftex.def)             Requested size: 509.99757pt x 263.88469pt.
 [42 <./1/ifl4_CJ15nlo_L2_q100_Sf_1.pdf> <./1/ifl4_CJ15nlo_L2_q2_Sf_1.pdf

pdfTeX warning: latex (file ./1/ifl4_CJ15nlo_L2_q2_Sf_1.pdf): PDF inclusion: mu
ltiple pdfs with page group included in a single page
>]
<2/11_CJ15nlo_q100_Sf_2.pdf, id=7928, 950.55125pt x 491.8375pt>
File: 2/11_CJ15nlo_q100_Sf_2.pdf Graphic file (type pdf)
<use 2/11_CJ15nlo_q100_Sf_2.pdf>
Package pdftex.def Info: 2/11_CJ15nlo_q100_Sf_2.pdf  used on input line 390.
(pdftex.def)             Requested size: 509.99757pt x 263.88469pt.
<2/11_CJ15nlo_q2_Sf_2.pdf, id=7929, 950.55125pt x 491.8375pt>
File: 2/11_CJ15nlo_q2_Sf_2.pdf Graphic file (type pdf)
<use 2/11_CJ15nlo_q2_Sf_2.pdf>
Package pdftex.def Info: 2/11_CJ15nlo_q2_Sf_2.pdf  used on input line 394.
(pdftex.def)             Requested size: 509.99757pt x 263.88469pt.
 [43 <./2/10_CJ15nlo_q100_Sf_2.pdf> <./2/10_CJ15nlo_q2_Sf_2.pdf

pdfTeX warning: latex (file ./2/10_CJ15nlo_q2_Sf_2.pdf): PDF inclusion: multipl
e pdfs with page group included in a single page
>]
<2/12_CJ15nlo_q100_Sf_2.pdf, id=8144, 950.55125pt x 491.8375pt>
File: 2/12_CJ15nlo_q100_Sf_2.pdf Graphic file (type pdf)
<use 2/12_CJ15nlo_q100_Sf_2.pdf>
Package pdftex.def Info: 2/12_CJ15nlo_q100_Sf_2.pdf  used on input line 399.
(pdftex.def)             Requested size: 509.99757pt x 263.88469pt.
<2/12_CJ15nlo_q2_Sf_2.pdf, id=8145, 950.55125pt x 491.8375pt>
File: 2/12_CJ15nlo_q2_Sf_2.pdf Graphic file (type pdf)
<use 2/12_CJ15nlo_q2_Sf_2.pdf>
Package pdftex.def Info: 2/12_CJ15nlo_q2_Sf_2.pdf  used on input line 403.
(pdftex.def)             Requested size: 509.99757pt x 263.88469pt.
 [44 <./2/11_CJ15nlo_q100_Sf_2.pdf> <./2/11_CJ15nlo_q2_Sf_2.pdf

pdfTeX warning: latex (file ./2/11_CJ15nlo_q2_Sf_2.pdf): PDF inclusion: multipl
e pdfs with page group included in a single page
>]
<2/13_CJ15nlo_q100_Sf_2.pdf, id=8360, 950.55125pt x 491.8375pt>
File: 2/13_CJ15nlo_q100_Sf_2.pdf Graphic file (type pdf)
<use 2/13_CJ15nlo_q100_Sf_2.pdf>
Package pdftex.def Info: 2/13_CJ15nlo_q100_Sf_2.pdf  used on input line 408.
(pdftex.def)             Requested size: 509.99757pt x 263.88469pt.
<2/13_CJ15nlo_q2_Sf_2.pdf, id=8361, 950.55125pt x 491.8375pt>
File: 2/13_CJ15nlo_q2_Sf_2.pdf Graphic file (type pdf)
<use 2/13_CJ15nlo_q2_Sf_2.pdf>
Package pdftex.def Info: 2/13_CJ15nlo_q2_Sf_2.pdf  used on input line 412.
(pdftex.def)             Requested size: 509.99757pt x 263.88469pt.
 [45 <./2/12_CJ15nlo_q100_Sf_2.pdf> <./2/12_CJ15nlo_q2_Sf_2.pdf

pdfTeX warning: latex (file ./2/12_CJ15nlo_q2_Sf_2.pdf): PDF inclusion: multipl
e pdfs with page group included in a single page
>]
<2/14_CJ15nlo_q100_Sf_2.pdf, id=8575, 950.55125pt x 491.8375pt>
File: 2/14_CJ15nlo_q100_Sf_2.pdf Graphic file (type pdf)
<use 2/14_CJ15nlo_q100_Sf_2.pdf>
Package pdftex.def Info: 2/14_CJ15nlo_q100_Sf_2.pdf  used on input line 417.
(pdftex.def)             Requested size: 509.99757pt x 263.88469pt.
<2/14_CJ15nlo_q2_Sf_2.pdf, id=8576, 950.55125pt x 491.8375pt>
File: 2/14_CJ15nlo_q2_Sf_2.pdf Graphic file (type pdf)
<use 2/14_CJ15nlo_q2_Sf_2.pdf>
Package pdftex.def Info: 2/14_CJ15nlo_q2_Sf_2.pdf  used on input line 421.
(pdftex.def)             Requested size: 509.99757pt x 263.88469pt.
 [46 <./2/13_CJ15nlo_q100_Sf_2.pdf> <./2/13_CJ15nlo_q2_Sf_2.pdf

pdfTeX warning: latex (file ./2/13_CJ15nlo_q2_Sf_2.pdf): PDF inclusion: multipl
e pdfs with page group included in a single page
>]
<2/15_CJ15nlo_q100_Sf_2.pdf, id=8791, 950.55125pt x 491.8375pt>
File: 2/15_CJ15nlo_q100_Sf_2.pdf Graphic file (type pdf)
<use 2/15_CJ15nlo_q100_Sf_2.pdf>
Package pdftex.def Info: 2/15_CJ15nlo_q100_Sf_2.pdf  used on input line 426.
(pdftex.def)             Requested size: 509.99757pt x 263.88469pt.
<2/15_CJ15nlo_q2_Sf_2.pdf, id=8792, 950.55125pt x 491.8375pt>
File: 2/15_CJ15nlo_q2_Sf_2.pdf Graphic file (type pdf)
<use 2/15_CJ15nlo_q2_Sf_2.pdf>
Package pdftex.def Info: 2/15_CJ15nlo_q2_Sf_2.pdf  used on input line 430.
(pdftex.def)             Requested size: 509.99757pt x 263.88469pt.
 [47 <./2/14_CJ15nlo_q100_Sf_2.pdf> <./2/14_CJ15nlo_q2_Sf_2.pdf

pdfTeX warning: latex (file ./2/14_CJ15nlo_q2_Sf_2.pdf): PDF inclusion: multipl
e pdfs with page group included in a single page
>]
<2/16_CJ15nlo_q100_Sf_2.pdf, id=9006, 950.55125pt x 491.8375pt>
File: 2/16_CJ15nlo_q100_Sf_2.pdf Graphic file (type pdf)
<use 2/16_CJ15nlo_q100_Sf_2.pdf>
Package pdftex.def Info: 2/16_CJ15nlo_q100_Sf_2.pdf  used on input line 435.
(pdftex.def)             Requested size: 509.99757pt x 263.88469pt.
<2/16_CJ15nlo_q2_Sf_2.pdf, id=9007, 950.55125pt x 491.8375pt>
File: 2/16_CJ15nlo_q2_Sf_2.pdf Graphic file (type pdf)
<use 2/16_CJ15nlo_q2_Sf_2.pdf>
Package pdftex.def Info: 2/16_CJ15nlo_q2_Sf_2.pdf  used on input line 439.
(pdftex.def)             Requested size: 509.99757pt x 263.88469pt.
 [48 <./2/15_CJ15nlo_q100_Sf_2.pdf> <./2/15_CJ15nlo_q2_Sf_2.pdf

pdfTeX warning: latex (file ./2/15_CJ15nlo_q2_Sf_2.pdf): PDF inclusion: multipl
e pdfs with page group included in a single page
>]
<2/17_CJ15nlo_q100_Sf_2.pdf, id=9222, 950.55125pt x 491.8375pt>
File: 2/17_CJ15nlo_q100_Sf_2.pdf Graphic file (type pdf)
<use 2/17_CJ15nlo_q100_Sf_2.pdf>
Package pdftex.def Info: 2/17_CJ15nlo_q100_Sf_2.pdf  used on input line 444.
(pdftex.def)             Requested size: 509.99757pt x 263.88469pt.
<2/17_CJ15nlo_q2_Sf_2.pdf, id=9223, 950.55125pt x 491.8375pt>
File: 2/17_CJ15nlo_q2_Sf_2.pdf Graphic file (type pdf)
<use 2/17_CJ15nlo_q2_Sf_2.pdf>
Package pdftex.def Info: 2/17_CJ15nlo_q2_Sf_2.pdf  used on input line 448.
(pdftex.def)             Requested size: 509.99757pt x 263.88469pt.
 [49 <./2/16_CJ15nlo_q100_Sf_2.pdf> <./2/16_CJ15nlo_q2_Sf_2.pdf

pdfTeX warning: latex (file ./2/16_CJ15nlo_q2_Sf_2.pdf): PDF inclusion: multipl
e pdfs with page group included in a single page
>]
<2/18_CJ15nlo_q100_Sf_2.pdf, id=9438, 950.55125pt x 491.8375pt>
File: 2/18_CJ15nlo_q100_Sf_2.pdf Graphic file (type pdf)
<use 2/18_CJ15nlo_q100_Sf_2.pdf>
Package pdftex.def Info: 2/18_CJ15nlo_q100_Sf_2.pdf  used on input line 453.
(pdftex.def)             Requested size: 509.99757pt x 263.88469pt.
<2/18_CJ15nlo_q2_Sf_2.pdf, id=9439, 950.55125pt x 491.8375pt>
File: 2/18_CJ15nlo_q2_Sf_2.pdf Graphic file (type pdf)
<use 2/18_CJ15nlo_q2_Sf_2.pdf>
Package pdftex.def Info: 2/18_CJ15nlo_q2_Sf_2.pdf  used on input line 457.
(pdftex.def)             Requested size: 509.99757pt x 263.88469pt.
 [50 <./2/17_CJ15nlo_q100_Sf_2.pdf> <./2/17_CJ15nlo_q2_Sf_2.pdf

pdfTeX warning: latex (file ./2/17_CJ15nlo_q2_Sf_2.pdf): PDF inclusion: multipl
e pdfs with page group included in a single page
>]
<2/19_CJ15nlo_q100_Sf_2.pdf, id=9653, 950.55125pt x 491.8375pt>
File: 2/19_CJ15nlo_q100_Sf_2.pdf Graphic file (type pdf)
<use 2/19_CJ15nlo_q100_Sf_2.pdf>
Package pdftex.def Info: 2/19_CJ15nlo_q100_Sf_2.pdf  used on input line 462.
(pdftex.def)             Requested size: 509.99757pt x 263.88469pt.
<2/19_CJ15nlo_q2_Sf_2.pdf, id=9654, 950.55125pt x 491.8375pt>
File: 2/19_CJ15nlo_q2_Sf_2.pdf Graphic file (type pdf)
<use 2/19_CJ15nlo_q2_Sf_2.pdf>
Package pdftex.def Info: 2/19_CJ15nlo_q2_Sf_2.pdf  used on input line 466.
(pdftex.def)             Requested size: 509.99757pt x 263.88469pt.
 [51 <./2/18_CJ15nlo_q100_Sf_2.pdf> <./2/18_CJ15nlo_q2_Sf_2.pdf

pdfTeX warning: latex (file ./2/18_CJ15nlo_q2_Sf_2.pdf): PDF inclusion: multipl
e pdfs with page group included in a single page
>]
<2/1_CJ15nlo_q100_Sf_2.pdf, id=9869, 950.55125pt x 491.8375pt>
File: 2/1_CJ15nlo_q100_Sf_2.pdf Graphic file (type pdf)
<use 2/1_CJ15nlo_q100_Sf_2.pdf>
Package pdftex.def Info: 2/1_CJ15nlo_q100_Sf_2.pdf  used on input line 471.
(pdftex.def)             Requested size: 509.99757pt x 263.88469pt.
<2/1_CJ15nlo_q2_Sf_2.pdf, id=9870, 950.55125pt x 491.8375pt>
File: 2/1_CJ15nlo_q2_Sf_2.pdf Graphic file (type pdf)
<use 2/1_CJ15nlo_q2_Sf_2.pdf>
Package pdftex.def Info: 2/1_CJ15nlo_q2_Sf_2.pdf  used on input line 475.
(pdftex.def)             Requested size: 509.99757pt x 263.88469pt.
 [52 <./2/19_CJ15nlo_q100_Sf_2.pdf> <./2/19_CJ15nlo_q2_Sf_2.pdf

pdfTeX warning: latex (file ./2/19_CJ15nlo_q2_Sf_2.pdf): PDF inclusion: multipl
e pdfs with page group included in a single page
>]
<2/20_CJ15nlo_q100_Sf_2.pdf, id=10084, 950.55125pt x 485.815pt>
File: 2/20_CJ15nlo_q100_Sf_2.pdf Graphic file (type pdf)
<use 2/20_CJ15nlo_q100_Sf_2.pdf>
Package pdftex.def Info: 2/20_CJ15nlo_q100_Sf_2.pdf  used on input line 480.
(pdftex.def)             Requested size: 509.99757pt x 260.65346pt.
<2/20_CJ15nlo_q2_Sf_2.pdf, id=10085, 950.55125pt x 491.8375pt>
File: 2/20_CJ15nlo_q2_Sf_2.pdf Graphic file (type pdf)
<use 2/20_CJ15nlo_q2_Sf_2.pdf>
Package pdftex.def Info: 2/20_CJ15nlo_q2_Sf_2.pdf  used on input line 484.
(pdftex.def)             Requested size: 509.99757pt x 263.88469pt.
 [53 <./2/1_CJ15nlo_q100_Sf_2.pdf> <./2/1_CJ15nlo_q2_Sf_2.pdf

pdfTeX warning: latex (file ./2/1_CJ15nlo_q2_Sf_2.pdf): PDF inclusion: multiple
 pdfs with page group included in a single page
>]
<2/21_CJ15nlo_q100_Sf_2.pdf, id=10300, 950.55125pt x 491.8375pt>
File: 2/21_CJ15nlo_q100_Sf_2.pdf Graphic file (type pdf)
<use 2/21_CJ15nlo_q100_Sf_2.pdf>
Package pdftex.def Info: 2/21_CJ15nlo_q100_Sf_2.pdf  used on input line 489.
(pdftex.def)             Requested size: 509.99757pt x 263.88469pt.
<2/21_CJ15nlo_q2_Sf_2.pdf, id=10301, 950.55125pt x 491.8375pt>
File: 2/21_CJ15nlo_q2_Sf_2.pdf Graphic file (type pdf)
<use 2/21_CJ15nlo_q2_Sf_2.pdf>
Package pdftex.def Info: 2/21_CJ15nlo_q2_Sf_2.pdf  used on input line 493.
(pdftex.def)             Requested size: 509.99757pt x 263.88469pt.
 [54 <./2/20_CJ15nlo_q100_Sf_2.pdf> <./2/20_CJ15nlo_q2_Sf_2.pdf

pdfTeX warning: latex (file ./2/20_CJ15nlo_q2_Sf_2.pdf): PDF inclusion: multipl
e pdfs with page group included in a single page
>]
<2/22_CJ15nlo_q100_Sf_2.pdf, id=10515, 950.55125pt x 491.8375pt>
File: 2/22_CJ15nlo_q100_Sf_2.pdf Graphic file (type pdf)
<use 2/22_CJ15nlo_q100_Sf_2.pdf>
Package pdftex.def Info: 2/22_CJ15nlo_q100_Sf_2.pdf  used on input line 498.
(pdftex.def)             Requested size: 509.99757pt x 263.88469pt.
<2/22_CJ15nlo_q2_Sf_2.pdf, id=10516, 950.55125pt x 491.8375pt>
File: 2/22_CJ15nlo_q2_Sf_2.pdf Graphic file (type pdf)
<use 2/22_CJ15nlo_q2_Sf_2.pdf>
Package pdftex.def Info: 2/22_CJ15nlo_q2_Sf_2.pdf  used on input line 502.
(pdftex.def)             Requested size: 509.99757pt x 263.88469pt.
 [55 <./2/21_CJ15nlo_q100_Sf_2.pdf> <./2/21_CJ15nlo_q2_Sf_2.pdf

pdfTeX warning: latex (file ./2/21_CJ15nlo_q2_Sf_2.pdf): PDF inclusion: multipl
e pdfs with page group included in a single page
>]
<2/23_CJ15nlo_q100_Sf_2.pdf, id=10732, 950.55125pt x 483.8075pt>
File: 2/23_CJ15nlo_q100_Sf_2.pdf Graphic file (type pdf)
<use 2/23_CJ15nlo_q100_Sf_2.pdf>
Package pdftex.def Info: 2/23_CJ15nlo_q100_Sf_2.pdf  used on input line 507.
(pdftex.def)             Requested size: 509.99757pt x 259.57637pt.
<2/23_CJ15nlo_q2_Sf_2.pdf, id=10733, 950.55125pt x 483.8075pt>
File: 2/23_CJ15nlo_q2_Sf_2.pdf Graphic file (type pdf)
<use 2/23_CJ15nlo_q2_Sf_2.pdf>
Package pdftex.def Info: 2/23_CJ15nlo_q2_Sf_2.pdf  used on input line 511.
(pdftex.def)             Requested size: 509.99757pt x 259.57637pt.
 [56 <./2/22_CJ15nlo_q100_Sf_2.pdf> <./2/22_CJ15nlo_q2_Sf_2.pdf

pdfTeX warning: latex (file ./2/22_CJ15nlo_q2_Sf_2.pdf): PDF inclusion: multipl
e pdfs with page group included in a single page
>]
<2/24_CJ15nlo_q100_Sf_2.pdf, id=10947, 950.55125pt x 491.8375pt>
File: 2/24_CJ15nlo_q100_Sf_2.pdf Graphic file (type pdf)
<use 2/24_CJ15nlo_q100_Sf_2.pdf>
Package pdftex.def Info: 2/24_CJ15nlo_q100_Sf_2.pdf  used on input line 516.
(pdftex.def)             Requested size: 509.99757pt x 263.88469pt.
<2/24_CJ15nlo_q2_Sf_2.pdf, id=10948, 950.55125pt x 491.8375pt>
File: 2/24_CJ15nlo_q2_Sf_2.pdf Graphic file (type pdf)
<use 2/24_CJ15nlo_q2_Sf_2.pdf>
Package pdftex.def Info: 2/24_CJ15nlo_q2_Sf_2.pdf  used on input line 520.
(pdftex.def)             Requested size: 509.99757pt x 263.88469pt.
 [57 <./2/23_CJ15nlo_q100_Sf_2.pdf> <./2/23_CJ15nlo_q2_Sf_2.pdf

pdfTeX warning: latex (file ./2/23_CJ15nlo_q2_Sf_2.pdf): PDF inclusion: multipl
e pdfs with page group included in a single page
>]
<2/25_CJ15nlo_q100_Sf_2.pdf, id=11163, 950.55125pt x 491.8375pt>
File: 2/25_CJ15nlo_q100_Sf_2.pdf Graphic file (type pdf)
<use 2/25_CJ15nlo_q100_Sf_2.pdf>
Package pdftex.def Info: 2/25_CJ15nlo_q100_Sf_2.pdf  used on input line 525.
(pdftex.def)             Requested size: 509.99757pt x 263.88469pt.
<2/25_CJ15nlo_q2_Sf_2.pdf, id=11164, 950.55125pt x 491.8375pt>
File: 2/25_CJ15nlo_q2_Sf_2.pdf Graphic file (type pdf)
<use 2/25_CJ15nlo_q2_Sf_2.pdf>
Package pdftex.def Info: 2/25_CJ15nlo_q2_Sf_2.pdf  used on input line 529.
(pdftex.def)             Requested size: 509.99757pt x 263.88469pt.
 [58 <./2/24_CJ15nlo_q100_Sf_2.pdf> <./2/24_CJ15nlo_q2_Sf_2.pdf

pdfTeX warning: latex (file ./2/24_CJ15nlo_q2_Sf_2.pdf): PDF inclusion: multipl
e pdfs with page group included in a single page
>]
<2/26_CJ15nlo_q100_Sf_2.pdf, id=11378, 950.55125pt x 491.8375pt>
File: 2/26_CJ15nlo_q100_Sf_2.pdf Graphic file (type pdf)
<use 2/26_CJ15nlo_q100_Sf_2.pdf>
Package pdftex.def Info: 2/26_CJ15nlo_q100_Sf_2.pdf  used on input line 534.
(pdftex.def)             Requested size: 509.99757pt x 263.88469pt.
<2/26_CJ15nlo_q2_Sf_2.pdf, id=11379, 950.55125pt x 491.8375pt>
File: 2/26_CJ15nlo_q2_Sf_2.pdf Graphic file (type pdf)
<use 2/26_CJ15nlo_q2_Sf_2.pdf>
Package pdftex.def Info: 2/26_CJ15nlo_q2_Sf_2.pdf  used on input line 538.
(pdftex.def)             Requested size: 509.99757pt x 263.88469pt.
 [59 <./2/25_CJ15nlo_q100_Sf_2.pdf> <./2/25_CJ15nlo_q2_Sf_2.pdf

pdfTeX warning: latex (file ./2/25_CJ15nlo_q2_Sf_2.pdf): PDF inclusion: multipl
e pdfs with page group included in a single page
>]
<2/27_CJ15nlo_q100_Sf_2.pdf, id=11594, 950.55125pt x 491.8375pt>
File: 2/27_CJ15nlo_q100_Sf_2.pdf Graphic file (type pdf)
<use 2/27_CJ15nlo_q100_Sf_2.pdf>
Package pdftex.def Info: 2/27_CJ15nlo_q100_Sf_2.pdf  used on input line 543.
(pdftex.def)             Requested size: 509.99757pt x 263.88469pt.
<2/27_CJ15nlo_q2_Sf_2.pdf, id=11595, 950.55125pt x 491.8375pt>
File: 2/27_CJ15nlo_q2_Sf_2.pdf Graphic file (type pdf)
<use 2/27_CJ15nlo_q2_Sf_2.pdf>
Package pdftex.def Info: 2/27_CJ15nlo_q2_Sf_2.pdf  used on input line 547.
(pdftex.def)             Requested size: 509.99757pt x 263.88469pt.
 [60 <./2/26_CJ15nlo_q100_Sf_2.pdf> <./2/26_CJ15nlo_q2_Sf_2.pdf

pdfTeX warning: latex (file ./2/26_CJ15nlo_q2_Sf_2.pdf): PDF inclusion: multipl
e pdfs with page group included in a single page
>]
<2/28_CJ15nlo_q100_Sf_2.pdf, id=11809, 950.55125pt x 491.8375pt>
File: 2/28_CJ15nlo_q100_Sf_2.pdf Graphic file (type pdf)
<use 2/28_CJ15nlo_q100_Sf_2.pdf>
Package pdftex.def Info: 2/28_CJ15nlo_q100_Sf_2.pdf  used on input line 552.
(pdftex.def)             Requested size: 509.99757pt x 263.88469pt.
<2/28_CJ15nlo_q2_Sf_2.pdf, id=11810, 950.55125pt x 491.8375pt>
File: 2/28_CJ15nlo_q2_Sf_2.pdf Graphic file (type pdf)
<use 2/28_CJ15nlo_q2_Sf_2.pdf>
Package pdftex.def Info: 2/28_CJ15nlo_q2_Sf_2.pdf  used on input line 556.
(pdftex.def)             Requested size: 509.99757pt x 263.88469pt.
 [61 <./2/27_CJ15nlo_q100_Sf_2.pdf> <./2/27_CJ15nlo_q2_Sf_2.pdf

pdfTeX warning: latex (file ./2/27_CJ15nlo_q2_Sf_2.pdf): PDF inclusion: multipl
e pdfs with page group included in a single page
>]
<2/29_CJ15nlo_q100_Sf_2.pdf, id=12026, 950.55125pt x 491.8375pt>
File: 2/29_CJ15nlo_q100_Sf_2.pdf Graphic file (type pdf)
<use 2/29_CJ15nlo_q100_Sf_2.pdf>
Package pdftex.def Info: 2/29_CJ15nlo_q100_Sf_2.pdf  used on input line 561.
(pdftex.def)             Requested size: 509.99757pt x 263.88469pt.
<2/29_CJ15nlo_q2_Sf_2.pdf, id=12027, 950.55125pt x 491.8375pt>
File: 2/29_CJ15nlo_q2_Sf_2.pdf Graphic file (type pdf)
<use 2/29_CJ15nlo_q2_Sf_2.pdf>
Package pdftex.def Info: 2/29_CJ15nlo_q2_Sf_2.pdf  used on input line 565.
(pdftex.def)             Requested size: 509.99757pt x 263.88469pt.
 [62 <./2/28_CJ15nlo_q100_Sf_2.pdf> <./2/28_CJ15nlo_q2_Sf_2.pdf

pdfTeX warning: latex (file ./2/28_CJ15nlo_q2_Sf_2.pdf): PDF inclusion: multipl
e pdfs with page group included in a single page
>]
<2/2_CJ15nlo_q100_Sf_2.pdf, id=12241, 950.55125pt x 485.815pt>
File: 2/2_CJ15nlo_q100_Sf_2.pdf Graphic file (type pdf)
<use 2/2_CJ15nlo_q100_Sf_2.pdf>
Package pdftex.def Info: 2/2_CJ15nlo_q100_Sf_2.pdf  used on input line 570.
(pdftex.def)             Requested size: 509.99757pt x 260.65346pt.
<2/2_CJ15nlo_q2_Sf_2.pdf, id=12242, 950.55125pt x 485.815pt>
File: 2/2_CJ15nlo_q2_Sf_2.pdf Graphic file (type pdf)
<use 2/2_CJ15nlo_q2_Sf_2.pdf>
Package pdftex.def Info: 2/2_CJ15nlo_q2_Sf_2.pdf  used on input line 574.
(pdftex.def)             Requested size: 509.99757pt x 260.65346pt.
 [63 <./2/29_CJ15nlo_q100_Sf_2.pdf> <./2/29_CJ15nlo_q2_Sf_2.pdf

pdfTeX warning: latex (file ./2/29_CJ15nlo_q2_Sf_2.pdf): PDF inclusion: multipl
e pdfs with page group included in a single page
>]
<2/30_CJ15nlo_q100_Sf_2.pdf, id=12457, 950.55125pt x 491.8375pt>
File: 2/30_CJ15nlo_q100_Sf_2.pdf Graphic file (type pdf)
<use 2/30_CJ15nlo_q100_Sf_2.pdf>
Package pdftex.def Info: 2/30_CJ15nlo_q100_Sf_2.pdf  used on input line 579.
(pdftex.def)             Requested size: 509.99757pt x 263.88469pt.
<2/30_CJ15nlo_q2_Sf_2.pdf, id=12458, 950.55125pt x 491.8375pt>
File: 2/30_CJ15nlo_q2_Sf_2.pdf Graphic file (type pdf)
<use 2/30_CJ15nlo_q2_Sf_2.pdf>
Package pdftex.def Info: 2/30_CJ15nlo_q2_Sf_2.pdf  used on input line 583.
(pdftex.def)             Requested size: 509.99757pt x 263.88469pt.
 [64 <./2/2_CJ15nlo_q100_Sf_2.pdf> <./2/2_CJ15nlo_q2_Sf_2.pdf

pdfTeX warning: latex (file ./2/2_CJ15nlo_q2_Sf_2.pdf): PDF inclusion: multiple
 pdfs with page group included in a single page
>]
<2/31_CJ15nlo_q100_Sf_2.pdf, id=12672, 950.55125pt x 491.8375pt>
File: 2/31_CJ15nlo_q100_Sf_2.pdf Graphic file (type pdf)
<use 2/31_CJ15nlo_q100_Sf_2.pdf>
Package pdftex.def Info: 2/31_CJ15nlo_q100_Sf_2.pdf  used on input line 588.
(pdftex.def)             Requested size: 509.99757pt x 263.88469pt.
<2/31_CJ15nlo_q2_Sf_2.pdf, id=12673, 950.55125pt x 491.8375pt>
File: 2/31_CJ15nlo_q2_Sf_2.pdf Graphic file (type pdf)
<use 2/31_CJ15nlo_q2_Sf_2.pdf>
Package pdftex.def Info: 2/31_CJ15nlo_q2_Sf_2.pdf  used on input line 592.
(pdftex.def)             Requested size: 509.99757pt x 263.88469pt.
 [65 <./2/30_CJ15nlo_q100_Sf_2.pdf> <./2/30_CJ15nlo_q2_Sf_2.pdf

pdfTeX warning: latex (file ./2/30_CJ15nlo_q2_Sf_2.pdf): PDF inclusion: multipl
e pdfs with page group included in a single page
>]
<2/32_CJ15nlo_q100_Sf_2.pdf, id=12888, 950.55125pt x 491.8375pt>
File: 2/32_CJ15nlo_q100_Sf_2.pdf Graphic file (type pdf)
<use 2/32_CJ15nlo_q100_Sf_2.pdf>
Package pdftex.def Info: 2/32_CJ15nlo_q100_Sf_2.pdf  used on input line 597.
(pdftex.def)             Requested size: 509.99757pt x 263.88469pt.
<2/32_CJ15nlo_q2_Sf_2.pdf, id=12889, 950.55125pt x 491.8375pt>
File: 2/32_CJ15nlo_q2_Sf_2.pdf Graphic file (type pdf)
<use 2/32_CJ15nlo_q2_Sf_2.pdf>
Package pdftex.def Info: 2/32_CJ15nlo_q2_Sf_2.pdf  used on input line 601.
(pdftex.def)             Requested size: 509.99757pt x 263.88469pt.
 [66 <./2/31_CJ15nlo_q100_Sf_2.pdf> <./2/31_CJ15nlo_q2_Sf_2.pdf

pdfTeX warning: latex (file ./2/31_CJ15nlo_q2_Sf_2.pdf): PDF inclusion: multipl
e pdfs with page group included in a single page
>]
<2/33_CJ15nlo_q100_Sf_2.pdf, id=13103, 950.55125pt x 491.8375pt>
File: 2/33_CJ15nlo_q100_Sf_2.pdf Graphic file (type pdf)
<use 2/33_CJ15nlo_q100_Sf_2.pdf>
Package pdftex.def Info: 2/33_CJ15nlo_q100_Sf_2.pdf  used on input line 606.
(pdftex.def)             Requested size: 509.99757pt x 263.88469pt.
<2/33_CJ15nlo_q2_Sf_2.pdf, id=13104, 950.55125pt x 491.8375pt>
File: 2/33_CJ15nlo_q2_Sf_2.pdf Graphic file (type pdf)
<use 2/33_CJ15nlo_q2_Sf_2.pdf>
Package pdftex.def Info: 2/33_CJ15nlo_q2_Sf_2.pdf  used on input line 610.
(pdftex.def)             Requested size: 509.99757pt x 263.88469pt.
 [67 <./2/32_CJ15nlo_q100_Sf_2.pdf> <./2/32_CJ15nlo_q2_Sf_2.pdf

pdfTeX warning: latex (file ./2/32_CJ15nlo_q2_Sf_2.pdf): PDF inclusion: multipl
e pdfs with page group included in a single page
>]
<2/34_CJ15nlo_q100_Sf_2.pdf, id=13319, 950.55125pt x 491.8375pt>
File: 2/34_CJ15nlo_q100_Sf_2.pdf Graphic file (type pdf)
<use 2/34_CJ15nlo_q100_Sf_2.pdf>
Package pdftex.def Info: 2/34_CJ15nlo_q100_Sf_2.pdf  used on input line 615.
(pdftex.def)             Requested size: 509.99757pt x 263.88469pt.
<2/34_CJ15nlo_q2_Sf_2.pdf, id=13320, 950.55125pt x 491.8375pt>
File: 2/34_CJ15nlo_q2_Sf_2.pdf Graphic file (type pdf)
<use 2/34_CJ15nlo_q2_Sf_2.pdf>
Package pdftex.def Info: 2/34_CJ15nlo_q2_Sf_2.pdf  used on input line 619.
(pdftex.def)             Requested size: 509.99757pt x 263.88469pt.
 [68 <./2/33_CJ15nlo_q100_Sf_2.pdf> <./2/33_CJ15nlo_q2_Sf_2.pdf

pdfTeX warning: latex (file ./2/33_CJ15nlo_q2_Sf_2.pdf): PDF inclusion: multipl
e pdfs with page group included in a single page
>]
<2/3_CJ15nlo_q100_Sf_2.pdf, id=13535, 950.55125pt x 491.8375pt>
File: 2/3_CJ15nlo_q100_Sf_2.pdf Graphic file (type pdf)
<use 2/3_CJ15nlo_q100_Sf_2.pdf>
Package pdftex.def Info: 2/3_CJ15nlo_q100_Sf_2.pdf  used on input line 624.
(pdftex.def)             Requested size: 509.99757pt x 263.88469pt.
<2/3_CJ15nlo_q2_Sf_2.pdf, id=13536, 950.55125pt x 491.8375pt>
File: 2/3_CJ15nlo_q2_Sf_2.pdf Graphic file (type pdf)
<use 2/3_CJ15nlo_q2_Sf_2.pdf>
Package pdftex.def Info: 2/3_CJ15nlo_q2_Sf_2.pdf  used on input line 628.
(pdftex.def)             Requested size: 509.99757pt x 263.88469pt.
 [69 <./2/34_CJ15nlo_q100_Sf_2.pdf> <./2/34_CJ15nlo_q2_Sf_2.pdf

pdfTeX warning: latex (file ./2/34_CJ15nlo_q2_Sf_2.pdf): PDF inclusion: multipl
e pdfs with page group included in a single page
>]
<2/4_CJ15nlo_q100_Sf_2.pdf, id=13750, 950.55125pt x 491.8375pt>
File: 2/4_CJ15nlo_q100_Sf_2.pdf Graphic file (type pdf)
<use 2/4_CJ15nlo_q100_Sf_2.pdf>
Package pdftex.def Info: 2/4_CJ15nlo_q100_Sf_2.pdf  used on input line 633.
(pdftex.def)             Requested size: 509.99757pt x 263.88469pt.
<2/4_CJ15nlo_q2_Sf_2.pdf, id=13751, 950.55125pt x 491.8375pt>
File: 2/4_CJ15nlo_q2_Sf_2.pdf Graphic file (type pdf)
<use 2/4_CJ15nlo_q2_Sf_2.pdf>
Package pdftex.def Info: 2/4_CJ15nlo_q2_Sf_2.pdf  used on input line 637.
(pdftex.def)             Requested size: 509.99757pt x 263.88469pt.
 [70 <./2/3_CJ15nlo_q100_Sf_2.pdf> <./2/3_CJ15nlo_q2_Sf_2.pdf

pdfTeX warning: latex (file ./2/3_CJ15nlo_q2_Sf_2.pdf): PDF inclusion: multiple
 pdfs with page group included in a single page
>]
<2/5_CJ15nlo_q100_Sf_2.pdf, id=13966, 950.55125pt x 491.8375pt>
File: 2/5_CJ15nlo_q100_Sf_2.pdf Graphic file (type pdf)
<use 2/5_CJ15nlo_q100_Sf_2.pdf>
Package pdftex.def Info: 2/5_CJ15nlo_q100_Sf_2.pdf  used on input line 642.
(pdftex.def)             Requested size: 509.99757pt x 263.88469pt.
<2/5_CJ15nlo_q2_Sf_2.pdf, id=13967, 950.55125pt x 491.8375pt>
File: 2/5_CJ15nlo_q2_Sf_2.pdf Graphic file (type pdf)
<use 2/5_CJ15nlo_q2_Sf_2.pdf>
Package pdftex.def Info: 2/5_CJ15nlo_q2_Sf_2.pdf  used on input line 646.
(pdftex.def)             Requested size: 509.99757pt x 263.88469pt.
 [71 <./2/4_CJ15nlo_q100_Sf_2.pdf> <./2/4_CJ15nlo_q2_Sf_2.pdf

pdfTeX warning: latex (file ./2/4_CJ15nlo_q2_Sf_2.pdf): PDF inclusion: multiple
 pdfs with page group included in a single page
>]
<2/6_CJ15nlo_q100_Sf_2.pdf, id=14181, 950.55125pt x 491.8375pt>
File: 2/6_CJ15nlo_q100_Sf_2.pdf Graphic file (type pdf)
<use 2/6_CJ15nlo_q100_Sf_2.pdf>
Package pdftex.def Info: 2/6_CJ15nlo_q100_Sf_2.pdf  used on input line 651.
(pdftex.def)             Requested size: 509.99757pt x 263.88469pt.
<2/6_CJ15nlo_q2_Sf_2.pdf, id=14182, 950.55125pt x 491.8375pt>
File: 2/6_CJ15nlo_q2_Sf_2.pdf Graphic file (type pdf)
<use 2/6_CJ15nlo_q2_Sf_2.pdf>
Package pdftex.def Info: 2/6_CJ15nlo_q2_Sf_2.pdf  used on input line 655.
(pdftex.def)             Requested size: 509.99757pt x 263.88469pt.
 [72 <./2/5_CJ15nlo_q100_Sf_2.pdf> <./2/5_CJ15nlo_q2_Sf_2.pdf

pdfTeX warning: latex (file ./2/5_CJ15nlo_q2_Sf_2.pdf): PDF inclusion: multiple
 pdfs with page group included in a single page
>]
<2/7_CJ15nlo_q100_Sf_2.pdf, id=14397, 950.55125pt x 485.815pt>
File: 2/7_CJ15nlo_q100_Sf_2.pdf Graphic file (type pdf)
<use 2/7_CJ15nlo_q100_Sf_2.pdf>
Package pdftex.def Info: 2/7_CJ15nlo_q100_Sf_2.pdf  used on input line 660.
(pdftex.def)             Requested size: 509.99757pt x 260.65346pt.
<2/7_CJ15nlo_q2_Sf_2.pdf, id=14398, 950.55125pt x 485.815pt>
File: 2/7_CJ15nlo_q2_Sf_2.pdf Graphic file (type pdf)
<use 2/7_CJ15nlo_q2_Sf_2.pdf>
Package pdftex.def Info: 2/7_CJ15nlo_q2_Sf_2.pdf  used on input line 664.
(pdftex.def)             Requested size: 509.99757pt x 260.65346pt.
 [73 <./2/6_CJ15nlo_q100_Sf_2.pdf> <./2/6_CJ15nlo_q2_Sf_2.pdf

pdfTeX warning: latex (file ./2/6_CJ15nlo_q2_Sf_2.pdf): PDF inclusion: multiple
 pdfs with page group included in a single page
>]
<2/8_CJ15nlo_q100_Sf_2.pdf, id=14613, 950.55125pt x 483.8075pt>
File: 2/8_CJ15nlo_q100_Sf_2.pdf Graphic file (type pdf)
<use 2/8_CJ15nlo_q100_Sf_2.pdf>
Package pdftex.def Info: 2/8_CJ15nlo_q100_Sf_2.pdf  used on input line 669.
(pdftex.def)             Requested size: 509.99757pt x 259.57637pt.
<2/8_CJ15nlo_q2_Sf_2.pdf, id=14614, 950.55125pt x 483.8075pt>
File: 2/8_CJ15nlo_q2_Sf_2.pdf Graphic file (type pdf)
<use 2/8_CJ15nlo_q2_Sf_2.pdf>
Package pdftex.def Info: 2/8_CJ15nlo_q2_Sf_2.pdf  used on input line 673.
(pdftex.def)             Requested size: 509.99757pt x 259.57637pt.
 [74 <./2/7_CJ15nlo_q100_Sf_2.pdf> <./2/7_CJ15nlo_q2_Sf_2.pdf

pdfTeX warning: latex (file ./2/7_CJ15nlo_q2_Sf_2.pdf): PDF inclusion: multiple
 pdfs with page group included in a single page
>]
<2/9_CJ15nlo_q100_Sf_2.pdf, id=14829, 950.55125pt x 491.8375pt>
File: 2/9_CJ15nlo_q100_Sf_2.pdf Graphic file (type pdf)
<use 2/9_CJ15nlo_q100_Sf_2.pdf>
Package pdftex.def Info: 2/9_CJ15nlo_q100_Sf_2.pdf  used on input line 678.
(pdftex.def)             Requested size: 509.99757pt x 263.88469pt.
<2/9_CJ15nlo_q2_Sf_2.pdf, id=14830, 950.55125pt x 491.8375pt>
File: 2/9_CJ15nlo_q2_Sf_2.pdf Graphic file (type pdf)
<use 2/9_CJ15nlo_q2_Sf_2.pdf>
Package pdftex.def Info: 2/9_CJ15nlo_q2_Sf_2.pdf  used on input line 682.
(pdftex.def)             Requested size: 509.99757pt x 263.88469pt.
 [75 <./2/8_CJ15nlo_q100_Sf_2.pdf> <./2/8_CJ15nlo_q2_Sf_2.pdf

pdfTeX warning: latex (file ./2/8_CJ15nlo_q2_Sf_2.pdf): PDF inclusion: multiple
 pdfs with page group included in a single page
>]
<2/rat_ifl1_CJ15nlo_L2_q100_Sf_2.pdf, id=15044, 889.3225pt x 861.2175pt>
File: 2/rat_ifl1_CJ15nlo_L2_q100_Sf_2.pdf Graphic file (type pdf)
<use 2/rat_ifl1_CJ15nlo_L2_q100_Sf_2.pdf>
Package pdftex.def Info: 2/rat_ifl1_CJ15nlo_L2_q100_Sf_2.pdf  used on input lin
e 687.
(pdftex.def)             Requested size: 305.33746pt x 295.68797pt.
<2/rat_ifl1_CJ15nlo_L2_q2_Sf_2.pdf, id=15045, 889.3225pt x 861.2175pt>
File: 2/rat_ifl1_CJ15nlo_L2_q2_Sf_2.pdf Graphic file (type pdf)
<use 2/rat_ifl1_CJ15nlo_L2_q2_Sf_2.pdf>
Package pdftex.def Info: 2/rat_ifl1_CJ15nlo_L2_q2_Sf_2.pdf  used on input line 
691.
(pdftex.def)             Requested size: 305.33746pt x 295.68797pt.
 [76 <./2/9_CJ15nlo_q100_Sf_2.pdf> <./2/9_CJ15nlo_q2_Sf_2.pdf

pdfTeX warning: latex (file ./2/9_CJ15nlo_q2_Sf_2.pdf): PDF inclusion: multiple
 pdfs with page group included in a single page
>]
<2/rat_ifl2_CJ15nlo_L2_q100_Sf_2.pdf, id=15260, 889.3225pt x 861.2175pt>
File: 2/rat_ifl2_CJ15nlo_L2_q100_Sf_2.pdf Graphic file (type pdf)
<use 2/rat_ifl2_CJ15nlo_L2_q100_Sf_2.pdf>
Package pdftex.def Info: 2/rat_ifl2_CJ15nlo_L2_q100_Sf_2.pdf  used on input lin
e 696.
(pdftex.def)             Requested size: 305.33746pt x 295.68797pt.
<2/rat_ifl2_CJ15nlo_L2_q2_Sf_2.pdf, id=15261, 889.3225pt x 861.2175pt>
File: 2/rat_ifl2_CJ15nlo_L2_q2_Sf_2.pdf Graphic file (type pdf)
<use 2/rat_ifl2_CJ15nlo_L2_q2_Sf_2.pdf>
Package pdftex.def Info: 2/rat_ifl2_CJ15nlo_L2_q2_Sf_2.pdf  used on input line 
700.
(pdftex.def)             Requested size: 305.33746pt x 295.68797pt.
 [77 <./2/rat_ifl1_CJ15nlo_L2_q100_Sf_2.pdf> <./2/rat_ifl1_CJ15nlo_L2_q2_Sf_2.p
df

pdfTeX warning: latex (file ./2/rat_ifl1_CJ15nlo_L2_q2_Sf_2.pdf): PDF inclusion
: multiple pdfs with page group included in a single page
>]
<2/rat_ifl3_CJ15nlo_L2_q100_Sf_2.pdf, id=15481, 856.19875pt x 861.2175pt>
File: 2/rat_ifl3_CJ15nlo_L2_q100_Sf_2.pdf Graphic file (type pdf)
<use 2/rat_ifl3_CJ15nlo_L2_q100_Sf_2.pdf>
Package pdftex.def Info: 2/rat_ifl3_CJ15nlo_L2_q100_Sf_2.pdf  used on input lin
e 705.
(pdftex.def)             Requested size: 293.96484pt x 295.68797pt.
<2/rat_ifl3_CJ15nlo_L2_q2_Sf_2.pdf, id=15482, 861.2175pt x 861.2175pt>
File: 2/rat_ifl3_CJ15nlo_L2_q2_Sf_2.pdf Graphic file (type pdf)
<use 2/rat_ifl3_CJ15nlo_L2_q2_Sf_2.pdf>
Package pdftex.def Info: 2/rat_ifl3_CJ15nlo_L2_q2_Sf_2.pdf  used on input line 
709.
(pdftex.def)             Requested size: 295.68797pt x 295.68797pt.
 [78 <./2/rat_ifl2_CJ15nlo_L2_q100_Sf_2.pdf> <./2/rat_ifl2_CJ15nlo_L2_q2_Sf_2.p
df

pdfTeX warning: latex (file ./2/rat_ifl2_CJ15nlo_L2_q2_Sf_2.pdf): PDF inclusion
: multiple pdfs with page group included in a single page
>]
<2/rat_ifl4_CJ15nlo_L2_q100_Sf_2.pdf, id=15703, 856.19875pt x 880.28876pt>
File: 2/rat_ifl4_CJ15nlo_L2_q100_Sf_2.pdf Graphic file (type pdf)
<use 2/rat_ifl4_CJ15nlo_L2_q100_Sf_2.pdf>
Package pdftex.def Info: 2/rat_ifl4_CJ15nlo_L2_q100_Sf_2.pdf  used on input lin
e 714.
(pdftex.def)             Requested size: 287.58936pt x 295.68098pt.
<2/rat_ifl4_CJ15nlo_L2_q2_Sf_2.pdf, id=15704, 856.19875pt x 880.28876pt>
File: 2/rat_ifl4_CJ15nlo_L2_q2_Sf_2.pdf Graphic file (type pdf)
<use 2/rat_ifl4_CJ15nlo_L2_q2_Sf_2.pdf>
Package pdftex.def Info: 2/rat_ifl4_CJ15nlo_L2_q2_Sf_2.pdf  used on input line 
718.
(pdftex.def)             Requested size: 287.58936pt x 295.68098pt.
 [79 <./2/rat_ifl3_CJ15nlo_L2_q100_Sf_2.pdf> <./2/rat_ifl3_CJ15nlo_L2_q2_Sf_2.p
df

pdfTeX warning: latex (file ./2/rat_ifl3_CJ15nlo_L2_q2_Sf_2.pdf): PDF inclusion
: multiple pdfs with page group included in a single page
>]
<2/rat_ifl5_CJ15nlo_L2_q100_Sf_2.pdf, id=15897, 889.3225pt x 880.28876pt>
File: 2/rat_ifl5_CJ15nlo_L2_q100_Sf_2.pdf Graphic file (type pdf)
<use 2/rat_ifl5_CJ15nlo_L2_q100_Sf_2.pdf>
Package pdftex.def Info: 2/rat_ifl5_CJ15nlo_L2_q100_Sf_2.pdf  used on input lin
e 723.
(pdftex.def)             Requested size: 298.71533pt x 295.68098pt.
<2/rat_ifl5_CJ15nlo_L2_q2_Sf_2.pdf, id=15898, 889.3225pt x 880.28876pt>
File: 2/rat_ifl5_CJ15nlo_L2_q2_Sf_2.pdf Graphic file (type pdf)
<use 2/rat_ifl5_CJ15nlo_L2_q2_Sf_2.pdf>
Package pdftex.def Info: 2/rat_ifl5_CJ15nlo_L2_q2_Sf_2.pdf  used on input line 
727.
(pdftex.def)             Requested size: 298.71533pt x 295.68098pt.
 [80 <./2/rat_ifl4_CJ15nlo_L2_q100_Sf_2.pdf> <./2/rat_ifl4_CJ15nlo_L2_q2_Sf_2.p
df

pdfTeX warning: latex (file ./2/rat_ifl4_CJ15nlo_L2_q2_Sf_2.pdf): PDF inclusion
: multiple pdfs with page group included in a single page
>]
<2/rat_ifl6_CJ15nlo_L2_q100_Sf_2.pdf, id=16111, 868.24374pt x 880.28876pt>
File: 2/rat_ifl6_CJ15nlo_L2_q100_Sf_2.pdf Graphic file (type pdf)
<use 2/rat_ifl6_CJ15nlo_L2_q100_Sf_2.pdf>
Package pdftex.def Info: 2/rat_ifl6_CJ15nlo_L2_q100_Sf_2.pdf  used on input lin
e 732.
(pdftex.def)             Requested size: 291.63516pt x 295.68098pt.
<2/rat_ifl6_CJ15nlo_L2_q2_Sf_2.pdf, id=16112, 868.24374pt x 880.28876pt>
File: 2/rat_ifl6_CJ15nlo_L2_q2_Sf_2.pdf Graphic file (type pdf)
<use 2/rat_ifl6_CJ15nlo_L2_q2_Sf_2.pdf>
Package pdftex.def Info: 2/rat_ifl6_CJ15nlo_L2_q2_Sf_2.pdf  used on input line 
736.
(pdftex.def)             Requested size: 291.63516pt x 295.68098pt.
 [81 <./2/rat_ifl5_CJ15nlo_L2_q100_Sf_2.pdf> <./2/rat_ifl5_CJ15nlo_L2_q2_Sf_2.p
df

pdfTeX warning: latex (file ./2/rat_ifl5_CJ15nlo_L2_q2_Sf_2.pdf): PDF inclusion
: multiple pdfs with page group included in a single page
>]
<2/rat_ifl7_CJ15nlo_L2_q100_Sf_2.pdf, id=16330, 889.3225pt x 880.28876pt>
File: 2/rat_ifl7_CJ15nlo_L2_q100_Sf_2.pdf Graphic file (type pdf)
<use 2/rat_ifl7_CJ15nlo_L2_q100_Sf_2.pdf>
Package pdftex.def Info: 2/rat_ifl7_CJ15nlo_L2_q100_Sf_2.pdf  used on input lin
e 741.
(pdftex.def)             Requested size: 298.71533pt x 295.68098pt.
<2/rat_ifl7_CJ15nlo_L2_q2_Sf_2.pdf, id=16331, 889.3225pt x 880.28876pt>
File: 2/rat_ifl7_CJ15nlo_L2_q2_Sf_2.pdf Graphic file (type pdf)
<use 2/rat_ifl7_CJ15nlo_L2_q2_Sf_2.pdf>
Package pdftex.def Info: 2/rat_ifl7_CJ15nlo_L2_q2_Sf_2.pdf  used on input line 
745.
(pdftex.def)             Requested size: 298.71533pt x 295.68098pt.
 [82 <./2/rat_ifl6_CJ15nlo_L2_q100_Sf_2.pdf> <./2/rat_ifl6_CJ15nlo_L2_q2_Sf_2.p
df

pdfTeX warning: latex (file ./2/rat_ifl6_CJ15nlo_L2_q2_Sf_2.pdf): PDF inclusion
: multiple pdfs with page group included in a single page
>] [83 <./2/rat_ifl7_CJ15nlo_L2_q100_Sf_2.pdf> <./2/rat_ifl7_CJ15nlo_L2_q2_Sf_2
.pdf

pdfTeX warning: latex (file ./2/rat_ifl7_CJ15nlo_L2_q2_Sf_2.pdf): PDF inclusion
: multiple pdfs with page group included in a single page
>] (./quyre3901.aux)

LaTeX Warning: Label(s) may have changed. Rerun to get cross-references right .


 ) 
Here is how much of TeX's memory you used:
 3819 strings out of 492617
 69437 string characters out of 6129508
 111640 words of memory out of 5000000
 7573 multiletter control sequences out of 15000+600000
 4889 words of font info for 18 fonts, out of 8000000 for 9000
 1141 hyphenation exceptions out of 8191
 41i,5n,25p,276b,250s stack positions out of 5000i,500n,10000p,200000b,80000s
</usr/local/texlive/2019/texmf-dist/fonts/type1/public/amsfonts/cm/cmbx12.pfb
></usr/local/texlive/2019/texmf-dist/fonts/type1/public/amsfonts/cm/cmr10.pfb><
/usr/local/texlive/2019/texmf-dist/fonts/type1/public/amsfonts/cm/cmr9.pfb></us
r/local/texlive/2019/texmf-dist/fonts/type1/public/amsfonts/cm/cmti9.pfb>
Output written on quyre3901.pdf (83 pages, 10570440 bytes).
PDF statistics:
 16785 PDF objects out of 18468 (max. 8388607)
 11491 compressed objects within 115 object streams
 0 named destinations out of 1000 (max. 500000)
 821 words of extra memory for PDF output out of 10000 (max. 10000000)

